<?xml version="1.0" encoding="UTF-8"?>
<testsuite name="com.example.application.controller.InventoryControllerTest" tests="1" skipped="0" failures="1" errors="0" timestamp="2016-05-09T19:12:12" hostname="STFPOAC024493-L" time="0.002">
  <properties/>
  <testcase name="testFind" classname="com.example.application.controller.InventoryControllerTest" time="0.002">
    <failure message="java.lang.IllegalStateException: Failed to load ApplicationContext" type="java.lang.IllegalStateException">java.lang.IllegalStateException: Failed to load ApplicationContext
	at org.springframework.test.context.cache.DefaultCacheAwareContextLoaderDelegate.loadContext(DefaultCacheAwareContextLoaderDelegate.java:124)
	at org.springframework.test.context.support.DefaultTestContext.getApplicationContext(DefaultTestContext.java:83)
	at org.springframework.test.context.support.DependencyInjectionTestExecutionListener.injectDependencies(DependencyInjectionTestExecutionListener.java:117)
	at org.springframework.test.context.support.DependencyInjectionTestExecutionListener.prepareTestInstance(DependencyInjectionTestExecutionListener.java:83)
	at org.springframework.test.context.TestContextManager.prepareTestInstance(TestContextManager.java:228)
	at org.springframework.test.context.junit4.SpringJUnit4ClassRunner.createTest(SpringJUnit4ClassRunner.java:230)
	at org.springframework.test.context.junit4.SpringJUnit4ClassRunner$1.runReflectiveCall(SpringJUnit4ClassRunner.java:289)
	at org.junit.internal.runners.model.ReflectiveCallable.run(ReflectiveCallable.java:12)
	at org.springframework.test.context.junit4.SpringJUnit4ClassRunner.methodBlock(SpringJUnit4ClassRunner.java:291)
	at org.springframework.test.context.junit4.SpringJUnit4ClassRunner.runChild(SpringJUnit4ClassRunner.java:249)
	at org.springframework.test.context.junit4.SpringJUnit4ClassRunner.runChild(SpringJUnit4ClassRunner.java:89)
	at org.junit.runners.ParentRunner$3.run(ParentRunner.java:290)
	at org.junit.runners.ParentRunner$1.schedule(ParentRunner.java:71)
	at org.junit.runners.ParentRunner.runChildren(ParentRunner.java:288)
	at org.junit.runners.ParentRunner.access$000(ParentRunner.java:58)
	at org.junit.runners.ParentRunner$2.evaluate(ParentRunner.java:268)
	at org.springframework.test.context.junit4.statements.RunBeforeTestClassCallbacks.evaluate(RunBeforeTestClassCallbacks.java:61)
	at org.springframework.test.context.junit4.statements.RunAfterTestClassCallbacks.evaluate(RunAfterTestClassCallbacks.java:70)
	at org.junit.runners.ParentRunner.run(ParentRunner.java:363)
	at org.springframework.test.context.junit4.SpringJUnit4ClassRunner.run(SpringJUnit4ClassRunner.java:193)
	at org.gradle.api.internal.tasks.testing.junit.JUnitTestClassExecuter.runTestClass(JUnitTestClassExecuter.java:105)
	at org.gradle.api.internal.tasks.testing.junit.JUnitTestClassExecuter.execute(JUnitTestClassExecuter.java:56)
	at org.gradle.api.internal.tasks.testing.junit.JUnitTestClassProcessor.processTestClass(JUnitTestClassProcessor.java:64)
	at org.gradle.api.internal.tasks.testing.SuiteTestClassProcessor.processTestClass(SuiteTestClassProcessor.java:50)
	at sun.reflect.NativeMethodAccessorImpl.invoke0(Native Method)
	at sun.reflect.NativeMethodAccessorImpl.invoke(NativeMethodAccessorImpl.java:62)
	at sun.reflect.DelegatingMethodAccessorImpl.invoke(DelegatingMethodAccessorImpl.java:43)
	at java.lang.reflect.Method.invoke(Method.java:498)
	at org.gradle.messaging.dispatch.ReflectionDispatch.dispatch(ReflectionDispatch.java:35)
	at org.gradle.messaging.dispatch.ReflectionDispatch.dispatch(ReflectionDispatch.java:24)
	at org.gradle.messaging.dispatch.ContextClassLoaderDispatch.dispatch(ContextClassLoaderDispatch.java:32)
	at org.gradle.messaging.dispatch.ProxyDispatchAdapter$DispatchingInvocationHandler.invoke(ProxyDispatchAdapter.java:93)
	at com.sun.proxy.$Proxy2.processTestClass(Unknown Source)
	at org.gradle.api.internal.tasks.testing.worker.TestWorker.processTestClass(TestWorker.java:106)
	at sun.reflect.NativeMethodAccessorImpl.invoke0(Native Method)
	at sun.reflect.NativeMethodAccessorImpl.invoke(NativeMethodAccessorImpl.java:62)
	at sun.reflect.DelegatingMethodAccessorImpl.invoke(DelegatingMethodAccessorImpl.java:43)
	at java.lang.reflect.Method.invoke(Method.java:498)
	at org.gradle.messaging.dispatch.ReflectionDispatch.dispatch(ReflectionDispatch.java:35)
	at org.gradle.messaging.dispatch.ReflectionDispatch.dispatch(ReflectionDispatch.java:24)
	at org.gradle.messaging.remote.internal.hub.MessageHub$Handler.run(MessageHub.java:360)
	at org.gradle.internal.concurrent.ExecutorPolicy$CatchAndRecordFailures.onExecute(ExecutorPolicy.java:54)
	at org.gradle.internal.concurrent.StoppableExecutorImpl$1.run(StoppableExecutorImpl.java:40)
	at java.util.concurrent.ThreadPoolExecutor.runWorker(ThreadPoolExecutor.java:1142)
	at java.util.concurrent.ThreadPoolExecutor$Worker.run(ThreadPoolExecutor.java:617)
	at java.lang.Thread.run(Thread.java:745)
Caused by: org.springframework.beans.factory.BeanCreationException: Error creating bean with name 'requestMappingHandlerMapping' defined in class path resource [org/springframework/boot/autoconfigure/web/WebMvcAutoConfiguration$EnableWebMvcConfiguration.class]: Invocation of init method failed; nested exception is java.lang.IllegalStateException: Ambiguous mapping. Cannot map 'userController' method 
public void com.example.application.controller.UserController.save(com.example.domain.entity.User)
to {[/user],methods=[POST]}: There is already 'userController' bean method
public void com.example.application.controller.UserController.delete(com.example.domain.entity.User) mapped.
	at org.springframework.beans.factory.support.AbstractAutowireCapableBeanFactory.initializeBean(AbstractAutowireCapableBeanFactory.java:1578)
	at org.springframework.beans.factory.support.AbstractAutowireCapableBeanFactory.doCreateBean(AbstractAutowireCapableBeanFactory.java:545)
	at org.springframework.beans.factory.support.AbstractAutowireCapableBeanFactory.createBean(AbstractAutowireCapableBeanFactory.java:482)
	at org.springframework.beans.factory.support.AbstractBeanFactory$1.getObject(AbstractBeanFactory.java:306)
	at org.springframework.beans.factory.support.DefaultSingletonBeanRegistry.getSingleton(DefaultSingletonBeanRegistry.java:230)
	at org.springframework.beans.factory.support.AbstractBeanFactory.doGetBean(AbstractBeanFactory.java:302)
	at org.springframework.beans.factory.support.AbstractBeanFactory.getBean(AbstractBeanFactory.java:197)
	at org.springframework.beans.factory.support.DefaultListableBeanFactory.preInstantiateSingletons(DefaultListableBeanFactory.java:772)
	at org.springframework.context.support.AbstractApplicationContext.finishBeanFactoryInitialization(AbstractApplicationContext.java:839)
	at org.springframework.context.support.AbstractApplicationContext.refresh(AbstractApplicationContext.java:538)
	at org.springframework.boot.context.embedded.EmbeddedWebApplicationContext.refresh(EmbeddedWebApplicationContext.java:118)
	at org.springframework.boot.SpringApplication.refresh(SpringApplication.java:766)
	at org.springframework.boot.SpringApplication.createAndRefreshContext(SpringApplication.java:361)
	at org.springframework.boot.SpringApplication.run(SpringApplication.java:307)
	at org.springframework.boot.test.SpringApplicationContextLoader.loadContext(SpringApplicationContextLoader.java:98)
	at org.springframework.test.context.cache.DefaultCacheAwareContextLoaderDelegate.loadContextInternal(DefaultCacheAwareContextLoaderDelegate.java:98)
	at org.springframework.test.context.cache.DefaultCacheAwareContextLoaderDelegate.loadContext(DefaultCacheAwareContextLoaderDelegate.java:116)
	... 45 more
Caused by: java.lang.IllegalStateException: Ambiguous mapping. Cannot map 'userController' method 
public void com.example.application.controller.UserController.save(com.example.domain.entity.User)
to {[/user],methods=[POST]}: There is already 'userController' bean method
public void com.example.application.controller.UserController.delete(com.example.domain.entity.User) mapped.
	at org.springframework.web.servlet.handler.AbstractHandlerMethodMapping$MappingRegistry.assertUniqueMethodMapping(AbstractHandlerMethodMapping.java:567)
	at org.springframework.web.servlet.handler.AbstractHandlerMethodMapping$MappingRegistry.register(AbstractHandlerMethodMapping.java:531)
	at org.springframework.web.servlet.handler.AbstractHandlerMethodMapping.registerHandlerMethod(AbstractHandlerMethodMapping.java:255)
	at org.springframework.web.servlet.handler.AbstractHandlerMethodMapping.detectHandlerMethods(AbstractHandlerMethodMapping.java:241)
	at org.springframework.web.servlet.handler.AbstractHandlerMethodMapping.initHandlerMethods(AbstractHandlerMethodMapping.java:213)
	at org.springframework.web.servlet.handler.AbstractHandlerMethodMapping.afterPropertiesSet(AbstractHandlerMethodMapping.java:183)
	at org.springframework.web.servlet.mvc.method.annotation.RequestMappingHandlerMapping.afterPropertiesSet(RequestMappingHandlerMapping.java:125)
	at org.springframework.beans.factory.support.AbstractAutowireCapableBeanFactory.invokeInitMethods(AbstractAutowireCapableBeanFactory.java:1637)
	at org.springframework.beans.factory.support.AbstractAutowireCapableBeanFactory.initializeBean(AbstractAutowireCapableBeanFactory.java:1574)
	... 61 more
</failure>
  </testcase>
  <system-out><![CDATA[2016-05-09 16:12:04.682  INFO   --- [    Test worker] o.s.t.c.support.AbstractContextLoader    : Could not detect default resource locations for test class [com.example.application.controller.InventoryControllerTest]: no resource found for suffixes {-context.xml, Context.groovy}.
2016-05-09 16:12:04.707  INFO   --- [    Test worker] WebAppIntegrationTestContextBootstrapper : Loaded default TestExecutionListener class names from location [META-INF/spring.factories]: [org.springframework.test.context.web.ServletTestExecutionListener, org.springframework.test.context.support.DirtiesContextBeforeModesTestExecutionListener, org.springframework.test.context.support.DependencyInjectionTestExecutionListener, org.springframework.test.context.support.DirtiesContextTestExecutionListener, org.springframework.test.context.transaction.TransactionalTestExecutionListener, org.springframework.test.context.jdbc.SqlScriptsTestExecutionListener]
2016-05-09 16:12:04.734  INFO   --- [    Test worker] WebAppIntegrationTestContextBootstrapper : Using TestExecutionListeners: [org.springframework.test.context.web.ServletTestExecutionListener@636053a1, org.springframework.test.context.support.DirtiesContextBeforeModesTestExecutionListener@2313d5f4, org.springframework.test.context.support.DependencyInjectionTestExecutionListener@7c7e2ba, org.springframework.test.context.support.DirtiesContextTestExecutionListener@4ccc5d0b, org.springframework.test.context.transaction.TransactionalTestExecutionListener@2dd0e268, org.springframework.test.context.jdbc.SqlScriptsTestExecutionListener@10512e53]

  .   ____          _            __ _ _
 /\\ / ___'_ __ _ _(_)_ __  __ _ \ \ \ \
( ( )\___ | '_ | '_| | '_ \/ _` | \ \ \ \
 \\/  ___)| |_)| | | | | || (_| |  ) ) ) )
  '  |____| .__|_| |_|_| |_\__, | / / / /
 =========|_|==============|___/=/_/_/_/
 :: Spring Boot ::        (v1.3.3.RELEASE)

2016-05-09 16:12:05.582 DEBUG 8148 --- [    Test worker] o.s.w.c.s.StandardServletEnvironment     : Adding [servletConfigInitParams] PropertySource with lowest search precedence
2016-05-09 16:12:05.582 DEBUG 8148 --- [    Test worker] o.s.w.c.s.StandardServletEnvironment     : Adding [servletContextInitParams] PropertySource with lowest search precedence
2016-05-09 16:12:05.587 DEBUG 8148 --- [    Test worker] o.s.w.c.s.StandardServletEnvironment     : Adding [systemProperties] PropertySource with lowest search precedence
2016-05-09 16:12:05.588 DEBUG 8148 --- [    Test worker] o.s.w.c.s.StandardServletEnvironment     : Adding [systemEnvironment] PropertySource with lowest search precedence
2016-05-09 16:12:05.588 DEBUG 8148 --- [    Test worker] o.s.w.c.s.StandardServletEnvironment     : Initialized StandardServletEnvironment with PropertySources [servletConfigInitParams,servletContextInitParams,systemProperties,systemEnvironment]
2016-05-09 16:12:05.678  INFO 8148 --- [    Test worker] c.e.a.c.InventoryControllerTest          : Starting InventoryControllerTest on STFPOAC024493-L with PID 8148 (C:\dev\badesc\workspace\demo\build\classes\test started by cqsilva in C:\dev\badesc\workspace\demo)
2016-05-09 16:12:05.679  INFO 8148 --- [    Test worker] c.e.a.c.InventoryControllerTest          : No active profile set, falling back to default profiles: default
2016-05-09 16:12:05.723  INFO 8148 --- [    Test worker] ationConfigEmbeddedWebApplicationContext : Refreshing org.springframework.boot.context.embedded.AnnotationConfigEmbeddedWebApplicationContext@6d3a9ee1: startup date [Mon May 09 16:12:05 BRT 2016]; root of context hierarchy
2016-05-09 16:12:07.108  INFO 8148 --- [    Test worker] o.s.b.f.s.DefaultListableBeanFactory     : Overriding bean definition for bean 'beanNameViewResolver' with a different definition: replacing [Root bean: class [null]; scope=; abstract=false; lazyInit=false; autowireMode=3; dependencyCheck=0; autowireCandidate=true; primary=false; factoryBeanName=org.springframework.boot.autoconfigure.web.ErrorMvcAutoConfiguration$WhitelabelErrorViewConfiguration; factoryMethodName=beanNameViewResolver; initMethodName=null; destroyMethodName=(inferred); defined in class path resource [org/springframework/boot/autoconfigure/web/ErrorMvcAutoConfiguration$WhitelabelErrorViewConfiguration.class]] with [Root bean: class [null]; scope=; abstract=false; lazyInit=false; autowireMode=3; dependencyCheck=0; autowireCandidate=true; primary=false; factoryBeanName=org.springframework.boot.autoconfigure.web.WebMvcAutoConfiguration$WebMvcAutoConfigurationAdapter; factoryMethodName=beanNameViewResolver; initMethodName=null; destroyMethodName=(inferred); defined in class path resource [org/springframework/boot/autoconfigure/web/WebMvcAutoConfiguration$WebMvcAutoConfigurationAdapter.class]]
2016-05-09 16:12:07.572  INFO 8148 --- [    Test worker] f.a.AutowiredAnnotationBeanPostProcessor : JSR-330 'javax.inject.Inject' annotation found and supported for autowiring
2016-05-09 16:12:07.712  INFO 8148 --- [    Test worker] trationDelegate$BeanPostProcessorChecker : Bean 'org.springframework.transaction.annotation.ProxyTransactionManagementConfiguration' of type [class org.springframework.transaction.annotation.ProxyTransactionManagementConfiguration$$EnhancerBySpringCGLIB$$81a86688] is not eligible for getting processed by all BeanPostProcessors (for example: not eligible for auto-proxying)
2016-05-09 16:12:08.483  INFO 8148 --- [    Test worker] s.b.c.e.t.TomcatEmbeddedServletContainer : Tomcat initialized with port(s): 0 (http)
2016-05-09 16:12:08.505  INFO 8148 --- [    Test worker] o.apache.catalina.core.StandardService   : Starting service Tomcat
2016-05-09 16:12:08.508  INFO 8148 --- [    Test worker] org.apache.catalina.core.StandardEngine  : Starting Servlet Engine: Apache Tomcat/8.0.32
2016-05-09 16:12:08.715  INFO 8148 --- [ost-startStop-1] o.a.c.c.C.[Tomcat].[localhost].[/demo]   : Initializing Spring embedded WebApplicationContext
2016-05-09 16:12:08.716 DEBUG 8148 --- [ost-startStop-1] o.s.web.context.ContextLoader            : Published root WebApplicationContext as ServletContext attribute with name [org.springframework.web.context.WebApplicationContext.ROOT]
2016-05-09 16:12:08.726  INFO 8148 --- [ost-startStop-1] o.s.web.context.ContextLoader            : Root WebApplicationContext: initialization completed in 3006 ms
2016-05-09 16:12:09.148 DEBUG 8148 --- [ost-startStop-1] o.s.w.c.s.StandardServletEnvironment     : Adding [servletConfigInitParams] PropertySource with lowest search precedence
2016-05-09 16:12:09.149 DEBUG 8148 --- [ost-startStop-1] o.s.w.c.s.StandardServletEnvironment     : Adding [servletContextInitParams] PropertySource with lowest search precedence
2016-05-09 16:12:09.150 DEBUG 8148 --- [ost-startStop-1] o.s.w.c.s.StandardServletEnvironment     : Adding [systemProperties] PropertySource with lowest search precedence
2016-05-09 16:12:09.157 DEBUG 8148 --- [ost-startStop-1] o.s.w.c.s.StandardServletEnvironment     : Adding [systemEnvironment] PropertySource with lowest search precedence
2016-05-09 16:12:09.158 DEBUG 8148 --- [ost-startStop-1] o.s.w.c.s.StandardServletEnvironment     : Initialized StandardServletEnvironment with PropertySources [servletConfigInitParams,servletContextInitParams,systemProperties,systemEnvironment]
2016-05-09 16:12:09.172 DEBUG 8148 --- [ost-startStop-1] o.s.w.c.s.StandardServletEnvironment     : Adding [servletConfigInitParams] PropertySource with lowest search precedence
2016-05-09 16:12:09.172 DEBUG 8148 --- [ost-startStop-1] o.s.w.c.s.StandardServletEnvironment     : Adding [servletContextInitParams] PropertySource with lowest search precedence
2016-05-09 16:12:09.178 DEBUG 8148 --- [ost-startStop-1] o.s.w.c.s.StandardServletEnvironment     : Adding [systemProperties] PropertySource with lowest search precedence
2016-05-09 16:12:09.179 DEBUG 8148 --- [ost-startStop-1] o.s.w.c.s.StandardServletEnvironment     : Adding [systemEnvironment] PropertySource with lowest search precedence
2016-05-09 16:12:09.179 DEBUG 8148 --- [ost-startStop-1] o.s.w.c.s.StandardServletEnvironment     : Initialized StandardServletEnvironment with PropertySources [servletConfigInitParams,servletContextInitParams,systemProperties,systemEnvironment]
2016-05-09 16:12:09.187 DEBUG 8148 --- [ost-startStop-1] o.s.w.c.s.StandardServletEnvironment     : Adding [servletConfigInitParams] PropertySource with lowest search precedence
2016-05-09 16:12:09.188 DEBUG 8148 --- [ost-startStop-1] o.s.w.c.s.StandardServletEnvironment     : Adding [servletContextInitParams] PropertySource with lowest search precedence
2016-05-09 16:12:09.188 DEBUG 8148 --- [ost-startStop-1] o.s.w.c.s.StandardServletEnvironment     : Adding [systemProperties] PropertySource with lowest search precedence
2016-05-09 16:12:09.189 DEBUG 8148 --- [ost-startStop-1] o.s.w.c.s.StandardServletEnvironment     : Adding [systemEnvironment] PropertySource with lowest search precedence
2016-05-09 16:12:09.189 DEBUG 8148 --- [ost-startStop-1] o.s.w.c.s.StandardServletEnvironment     : Initialized StandardServletEnvironment with PropertySources [servletConfigInitParams,servletContextInitParams,systemProperties,systemEnvironment]
2016-05-09 16:12:09.220 DEBUG 8148 --- [ost-startStop-1] o.s.w.c.s.StandardServletEnvironment     : Adding [servletConfigInitParams] PropertySource with lowest search precedence
2016-05-09 16:12:09.220 DEBUG 8148 --- [ost-startStop-1] o.s.w.c.s.StandardServletEnvironment     : Adding [servletContextInitParams] PropertySource with lowest search precedence
2016-05-09 16:12:09.221 DEBUG 8148 --- [ost-startStop-1] o.s.w.c.s.StandardServletEnvironment     : Adding [systemProperties] PropertySource with lowest search precedence
2016-05-09 16:12:09.221 DEBUG 8148 --- [ost-startStop-1] o.s.w.c.s.StandardServletEnvironment     : Adding [systemEnvironment] PropertySource with lowest search precedence
2016-05-09 16:12:09.221 DEBUG 8148 --- [ost-startStop-1] o.s.w.c.s.StandardServletEnvironment     : Initialized StandardServletEnvironment with PropertySources [servletConfigInitParams,servletContextInitParams,systemProperties,systemEnvironment]
2016-05-09 16:12:09.244  INFO 8148 --- [ost-startStop-1] o.s.b.c.embedded.FilterRegistrationBean  : Mapping filter: 'characterEncodingFilter' to: [/*]
2016-05-09 16:12:09.245  INFO 8148 --- [ost-startStop-1] o.s.b.c.embedded.FilterRegistrationBean  : Mapping filter: 'hiddenHttpMethodFilter' to: [/*]
2016-05-09 16:12:09.245  INFO 8148 --- [ost-startStop-1] o.s.b.c.embedded.FilterRegistrationBean  : Mapping filter: 'httpPutFormContentFilter' to: [/*]
2016-05-09 16:12:09.245  INFO 8148 --- [ost-startStop-1] o.s.b.c.embedded.FilterRegistrationBean  : Mapping filter: 'requestContextFilter' to: [/*]
2016-05-09 16:12:09.247 DEBUG 8148 --- [ost-startStop-1] o.s.w.c.s.StandardServletEnvironment     : Adding [servletConfigInitParams] PropertySource with lowest search precedence
2016-05-09 16:12:09.247 DEBUG 8148 --- [ost-startStop-1] o.s.w.c.s.StandardServletEnvironment     : Adding [servletContextInitParams] PropertySource with lowest search precedence
2016-05-09 16:12:09.248 DEBUG 8148 --- [ost-startStop-1] o.s.w.c.s.StandardServletEnvironment     : Adding [systemProperties] PropertySource with lowest search precedence
2016-05-09 16:12:09.248 DEBUG 8148 --- [ost-startStop-1] o.s.w.c.s.StandardServletEnvironment     : Adding [systemEnvironment] PropertySource with lowest search precedence
2016-05-09 16:12:09.248 DEBUG 8148 --- [ost-startStop-1] o.s.w.c.s.StandardServletEnvironment     : Initialized StandardServletEnvironment with PropertySources [servletConfigInitParams,servletContextInitParams,systemProperties,systemEnvironment]
2016-05-09 16:12:09.249  INFO 8148 --- [ost-startStop-1] .e.DelegatingFilterProxyRegistrationBean : Mapping filter: 'springSecurityFilterChain' to: [/*]
2016-05-09 16:12:09.249  INFO 8148 --- [ost-startStop-1] o.s.b.c.e.ServletRegistrationBean        : Mapping servlet: 'dispatcherServlet' to [/]
2016-05-09 16:12:09.258  INFO 8148 --- [ost-startStop-1] o.s.b.c.e.ServletRegistrationBean        : Mapping servlet: 'webServlet' to [/h2-console/*]
2016-05-09 16:12:09.287 DEBUG 8148 --- [ost-startStop-1] o.s.web.filter.DelegatingFilterProxy     : Initializing filter 'springSecurityFilterChain'
2016-05-09 16:12:09.639 DEBUG 8148 --- [ost-startStop-1] o.s.w.c.s.StandardServletEnvironment     : Adding [servletConfigInitParams] PropertySource with lowest search precedence
2016-05-09 16:12:09.640 DEBUG 8148 --- [ost-startStop-1] o.s.w.c.s.StandardServletEnvironment     : Adding [servletContextInitParams] PropertySource with lowest search precedence
2016-05-09 16:12:09.640 DEBUG 8148 --- [ost-startStop-1] o.s.w.c.s.StandardServletEnvironment     : Adding [systemProperties] PropertySource with lowest search precedence
2016-05-09 16:12:09.641 DEBUG 8148 --- [ost-startStop-1] o.s.w.c.s.StandardServletEnvironment     : Adding [systemEnvironment] PropertySource with lowest search precedence
2016-05-09 16:12:09.641 DEBUG 8148 --- [ost-startStop-1] o.s.w.c.s.StandardServletEnvironment     : Initialized StandardServletEnvironment with PropertySources [servletConfigInitParams,servletContextInitParams,systemProperties,systemEnvironment]
2016-05-09 16:12:09.658 DEBUG 8148 --- [ost-startStop-1] o.s.w.c.s.StandardServletEnvironment     : Adding [servletConfigInitParams] PropertySource with lowest search precedence
2016-05-09 16:12:09.659 DEBUG 8148 --- [ost-startStop-1] o.s.w.c.s.StandardServletEnvironment     : Adding [servletContextInitParams] PropertySource with lowest search precedence
2016-05-09 16:12:09.659 DEBUG 8148 --- [ost-startStop-1] o.s.w.c.s.StandardServletEnvironment     : Adding [systemProperties] PropertySource with lowest search precedence
2016-05-09 16:12:09.659 DEBUG 8148 --- [ost-startStop-1] o.s.w.c.s.StandardServletEnvironment     : Adding [systemEnvironment] PropertySource with lowest search precedence
2016-05-09 16:12:09.660 DEBUG 8148 --- [ost-startStop-1] o.s.w.c.s.StandardServletEnvironment     : Initialized StandardServletEnvironment with PropertySources [servletConfigInitParams,servletContextInitParams,systemProperties,systemEnvironment]
2016-05-09 16:12:09.661 DEBUG 8148 --- [ost-startStop-1] o.s.w.c.s.StandardServletEnvironment     : Adding [servletConfigInitParams] PropertySource with lowest search precedence
2016-05-09 16:12:09.662 DEBUG 8148 --- [ost-startStop-1] o.s.w.c.s.StandardServletEnvironment     : Adding [servletContextInitParams] PropertySource with lowest search precedence
2016-05-09 16:12:09.662 DEBUG 8148 --- [ost-startStop-1] o.s.w.c.s.StandardServletEnvironment     : Adding [systemProperties] PropertySource with lowest search precedence
2016-05-09 16:12:09.663 DEBUG 8148 --- [ost-startStop-1] o.s.w.c.s.StandardServletEnvironment     : Adding [systemEnvironment] PropertySource with lowest search precedence
2016-05-09 16:12:09.670 DEBUG 8148 --- [ost-startStop-1] o.s.w.c.s.StandardServletEnvironment     : Initialized StandardServletEnvironment with PropertySources [servletConfigInitParams,servletContextInitParams,systemProperties,systemEnvironment]
2016-05-09 16:12:09.682 DEBUG 8148 --- [ost-startStop-1] o.s.w.c.s.StandardServletEnvironment     : Adding [servletConfigInitParams] PropertySource with lowest search precedence
2016-05-09 16:12:09.682 DEBUG 8148 --- [ost-startStop-1] o.s.w.c.s.StandardServletEnvironment     : Adding [servletContextInitParams] PropertySource with lowest search precedence
2016-05-09 16:12:09.683 DEBUG 8148 --- [ost-startStop-1] o.s.w.c.s.StandardServletEnvironment     : Adding [systemProperties] PropertySource with lowest search precedence
2016-05-09 16:12:09.683 DEBUG 8148 --- [ost-startStop-1] o.s.w.c.s.StandardServletEnvironment     : Adding [systemEnvironment] PropertySource with lowest search precedence
2016-05-09 16:12:09.684 DEBUG 8148 --- [ost-startStop-1] o.s.w.c.s.StandardServletEnvironment     : Initialized StandardServletEnvironment with PropertySources [servletConfigInitParams,servletContextInitParams,systemProperties,systemEnvironment]
2016-05-09 16:12:09.685 DEBUG 8148 --- [ost-startStop-1] o.s.w.c.s.StandardServletEnvironment     : Adding [servletConfigInitParams] PropertySource with lowest search precedence
2016-05-09 16:12:09.685 DEBUG 8148 --- [ost-startStop-1] o.s.w.c.s.StandardServletEnvironment     : Adding [servletContextInitParams] PropertySource with lowest search precedence
2016-05-09 16:12:09.685 DEBUG 8148 --- [ost-startStop-1] o.s.w.c.s.StandardServletEnvironment     : Adding [systemProperties] PropertySource with lowest search precedence
2016-05-09 16:12:09.686 DEBUG 8148 --- [ost-startStop-1] o.s.w.c.s.StandardServletEnvironment     : Adding [systemEnvironment] PropertySource with lowest search precedence
2016-05-09 16:12:09.686 DEBUG 8148 --- [ost-startStop-1] o.s.w.c.s.StandardServletEnvironment     : Initialized StandardServletEnvironment with PropertySources [servletConfigInitParams,servletContextInitParams,systemProperties,systemEnvironment]
2016-05-09 16:12:09.686 DEBUG 8148 --- [ost-startStop-1] o.s.w.c.s.StandardServletEnvironment     : Adding [servletConfigInitParams] PropertySource with lowest search precedence
2016-05-09 16:12:09.687 DEBUG 8148 --- [ost-startStop-1] o.s.w.c.s.StandardServletEnvironment     : Adding [servletContextInitParams] PropertySource with lowest search precedence
2016-05-09 16:12:09.687 DEBUG 8148 --- [ost-startStop-1] o.s.w.c.s.StandardServletEnvironment     : Adding [systemProperties] PropertySource with lowest search precedence
2016-05-09 16:12:09.687 DEBUG 8148 --- [ost-startStop-1] o.s.w.c.s.StandardServletEnvironment     : Adding [systemEnvironment] PropertySource with lowest search precedence
2016-05-09 16:12:09.687 DEBUG 8148 --- [ost-startStop-1] o.s.w.c.s.StandardServletEnvironment     : Initialized StandardServletEnvironment with PropertySources [servletConfigInitParams,servletContextInitParams,systemProperties,systemEnvironment]
2016-05-09 16:12:09.689 DEBUG 8148 --- [ost-startStop-1] o.s.w.c.s.StandardServletEnvironment     : Adding [servletConfigInitParams] PropertySource with lowest search precedence
2016-05-09 16:12:09.690 DEBUG 8148 --- [ost-startStop-1] o.s.w.c.s.StandardServletEnvironment     : Adding [servletContextInitParams] PropertySource with lowest search precedence
2016-05-09 16:12:09.690 DEBUG 8148 --- [ost-startStop-1] o.s.w.c.s.StandardServletEnvironment     : Adding [systemProperties] PropertySource with lowest search precedence
2016-05-09 16:12:09.690 DEBUG 8148 --- [ost-startStop-1] o.s.w.c.s.StandardServletEnvironment     : Adding [systemEnvironment] PropertySource with lowest search precedence
2016-05-09 16:12:09.690 DEBUG 8148 --- [ost-startStop-1] o.s.w.c.s.StandardServletEnvironment     : Initialized StandardServletEnvironment with PropertySources [servletConfigInitParams,servletContextInitParams,systemProperties,systemEnvironment]
2016-05-09 16:12:09.694 DEBUG 8148 --- [ost-startStop-1] o.s.w.c.s.StandardServletEnvironment     : Adding [servletConfigInitParams] PropertySource with lowest search precedence
2016-05-09 16:12:09.695 DEBUG 8148 --- [ost-startStop-1] o.s.w.c.s.StandardServletEnvironment     : Adding [servletContextInitParams] PropertySource with lowest search precedence
2016-05-09 16:12:09.695 DEBUG 8148 --- [ost-startStop-1] o.s.w.c.s.StandardServletEnvironment     : Adding [systemProperties] PropertySource with lowest search precedence
2016-05-09 16:12:09.695 DEBUG 8148 --- [ost-startStop-1] o.s.w.c.s.StandardServletEnvironment     : Adding [systemEnvironment] PropertySource with lowest search precedence
2016-05-09 16:12:09.696 DEBUG 8148 --- [ost-startStop-1] o.s.w.c.s.StandardServletEnvironment     : Initialized StandardServletEnvironment with PropertySources [servletConfigInitParams,servletContextInitParams,systemProperties,systemEnvironment]
2016-05-09 16:12:09.696 DEBUG 8148 --- [ost-startStop-1] o.s.w.c.s.StandardServletEnvironment     : Adding [servletConfigInitParams] PropertySource with lowest search precedence
2016-05-09 16:12:09.697 DEBUG 8148 --- [ost-startStop-1] o.s.w.c.s.StandardServletEnvironment     : Adding [servletContextInitParams] PropertySource with lowest search precedence
2016-05-09 16:12:09.697 DEBUG 8148 --- [ost-startStop-1] o.s.w.c.s.StandardServletEnvironment     : Adding [systemProperties] PropertySource with lowest search precedence
2016-05-09 16:12:09.697 DEBUG 8148 --- [ost-startStop-1] o.s.w.c.s.StandardServletEnvironment     : Adding [systemEnvironment] PropertySource with lowest search precedence
2016-05-09 16:12:09.697 DEBUG 8148 --- [ost-startStop-1] o.s.w.c.s.StandardServletEnvironment     : Initialized StandardServletEnvironment with PropertySources [servletConfigInitParams,servletContextInitParams,systemProperties,systemEnvironment]
2016-05-09 16:12:09.698 DEBUG 8148 --- [ost-startStop-1] o.s.w.c.s.StandardServletEnvironment     : Adding [servletConfigInitParams] PropertySource with lowest search precedence
2016-05-09 16:12:09.708 DEBUG 8148 --- [ost-startStop-1] o.s.w.c.s.StandardServletEnvironment     : Adding [servletContextInitParams] PropertySource with lowest search precedence
2016-05-09 16:12:09.708 DEBUG 8148 --- [ost-startStop-1] o.s.w.c.s.StandardServletEnvironment     : Adding [systemProperties] PropertySource with lowest search precedence
2016-05-09 16:12:09.708 DEBUG 8148 --- [ost-startStop-1] o.s.w.c.s.StandardServletEnvironment     : Adding [systemEnvironment] PropertySource with lowest search precedence
2016-05-09 16:12:09.709 DEBUG 8148 --- [ost-startStop-1] o.s.w.c.s.StandardServletEnvironment     : Initialized StandardServletEnvironment with PropertySources [servletConfigInitParams,servletContextInitParams,systemProperties,systemEnvironment]
2016-05-09 16:12:09.711  INFO 8148 --- [ost-startStop-1] o.s.s.web.DefaultSecurityFilterChain     : Creating filter chain: Ant [pattern='/css/**'], []
2016-05-09 16:12:09.712  INFO 8148 --- [ost-startStop-1] o.s.s.web.DefaultSecurityFilterChain     : Creating filter chain: Ant [pattern='/js/**'], []
2016-05-09 16:12:09.713  INFO 8148 --- [ost-startStop-1] o.s.s.web.DefaultSecurityFilterChain     : Creating filter chain: Ant [pattern='/images/**'], []
2016-05-09 16:12:09.713  INFO 8148 --- [ost-startStop-1] o.s.s.web.DefaultSecurityFilterChain     : Creating filter chain: Ant [pattern='/**/favicon.ico'], []
2016-05-09 16:12:09.713  INFO 8148 --- [ost-startStop-1] o.s.s.web.DefaultSecurityFilterChain     : Creating filter chain: Ant [pattern='/error'], []
2016-05-09 16:12:09.737 DEBUG 8148 --- [ost-startStop-1] o.s.w.c.s.StandardServletEnvironment     : Adding [servletConfigInitParams] PropertySource with lowest search precedence
2016-05-09 16:12:09.737 DEBUG 8148 --- [ost-startStop-1] o.s.w.c.s.StandardServletEnvironment     : Adding [servletContextInitParams] PropertySource with lowest search precedence
2016-05-09 16:12:09.738 DEBUG 8148 --- [ost-startStop-1] o.s.w.c.s.StandardServletEnvironment     : Adding [systemProperties] PropertySource with lowest search precedence
2016-05-09 16:12:09.738 DEBUG 8148 --- [ost-startStop-1] o.s.w.c.s.StandardServletEnvironment     : Adding [systemEnvironment] PropertySource with lowest search precedence
2016-05-09 16:12:09.738 DEBUG 8148 --- [ost-startStop-1] o.s.w.c.s.StandardServletEnvironment     : Initialized StandardServletEnvironment with PropertySources [servletConfigInitParams,servletContextInitParams,systemProperties,systemEnvironment]
2016-05-09 16:12:09.748 DEBUG 8148 --- [ost-startStop-1] o.s.w.c.s.StandardServletEnvironment     : Adding [servletConfigInitParams] PropertySource with lowest search precedence
2016-05-09 16:12:09.748 DEBUG 8148 --- [ost-startStop-1] o.s.w.c.s.StandardServletEnvironment     : Adding [servletContextInitParams] PropertySource with lowest search precedence
2016-05-09 16:12:09.749 DEBUG 8148 --- [ost-startStop-1] o.s.w.c.s.StandardServletEnvironment     : Adding [systemProperties] PropertySource with lowest search precedence
2016-05-09 16:12:09.749 DEBUG 8148 --- [ost-startStop-1] o.s.w.c.s.StandardServletEnvironment     : Adding [systemEnvironment] PropertySource with lowest search precedence
2016-05-09 16:12:09.749 DEBUG 8148 --- [ost-startStop-1] o.s.w.c.s.StandardServletEnvironment     : Initialized StandardServletEnvironment with PropertySources [servletConfigInitParams,servletContextInitParams,systemProperties,systemEnvironment]
2016-05-09 16:12:09.758 DEBUG 8148 --- [ost-startStop-1] o.s.w.c.s.StandardServletEnvironment     : Adding [servletConfigInitParams] PropertySource with lowest search precedence
2016-05-09 16:12:09.758 DEBUG 8148 --- [ost-startStop-1] o.s.w.c.s.StandardServletEnvironment     : Adding [servletContextInitParams] PropertySource with lowest search precedence
2016-05-09 16:12:09.758 DEBUG 8148 --- [ost-startStop-1] o.s.w.c.s.StandardServletEnvironment     : Adding [systemProperties] PropertySource with lowest search precedence
2016-05-09 16:12:09.759 DEBUG 8148 --- [ost-startStop-1] o.s.w.c.s.StandardServletEnvironment     : Adding [systemEnvironment] PropertySource with lowest search precedence
2016-05-09 16:12:09.759 DEBUG 8148 --- [ost-startStop-1] o.s.w.c.s.StandardServletEnvironment     : Initialized StandardServletEnvironment with PropertySources [servletConfigInitParams,servletContextInitParams,systemProperties,systemEnvironment]
2016-05-09 16:12:09.765 DEBUG 8148 --- [ost-startStop-1] o.s.w.c.s.StandardServletEnvironment     : Adding [servletConfigInitParams] PropertySource with lowest search precedence
2016-05-09 16:12:09.766 DEBUG 8148 --- [ost-startStop-1] o.s.w.c.s.StandardServletEnvironment     : Adding [servletContextInitParams] PropertySource with lowest search precedence
2016-05-09 16:12:09.766 DEBUG 8148 --- [ost-startStop-1] o.s.w.c.s.StandardServletEnvironment     : Adding [systemProperties] PropertySource with lowest search precedence
2016-05-09 16:12:09.766 DEBUG 8148 --- [ost-startStop-1] o.s.w.c.s.StandardServletEnvironment     : Adding [systemEnvironment] PropertySource with lowest search precedence
2016-05-09 16:12:09.766 DEBUG 8148 --- [ost-startStop-1] o.s.w.c.s.StandardServletEnvironment     : Initialized StandardServletEnvironment with PropertySources [servletConfigInitParams,servletContextInitParams,systemProperties,systemEnvironment]
2016-05-09 16:12:09.773 DEBUG 8148 --- [ost-startStop-1] o.s.w.c.s.StandardServletEnvironment     : Adding [servletConfigInitParams] PropertySource with lowest search precedence
2016-05-09 16:12:09.774 DEBUG 8148 --- [ost-startStop-1] o.s.w.c.s.StandardServletEnvironment     : Adding [servletContextInitParams] PropertySource with lowest search precedence
2016-05-09 16:12:09.774 DEBUG 8148 --- [ost-startStop-1] o.s.w.c.s.StandardServletEnvironment     : Adding [systemProperties] PropertySource with lowest search precedence
2016-05-09 16:12:09.781 DEBUG 8148 --- [ost-startStop-1] o.s.w.c.s.StandardServletEnvironment     : Adding [systemEnvironment] PropertySource with lowest search precedence
2016-05-09 16:12:09.781 DEBUG 8148 --- [ost-startStop-1] o.s.w.c.s.StandardServletEnvironment     : Initialized StandardServletEnvironment with PropertySources [servletConfigInitParams,servletContextInitParams,systemProperties,systemEnvironment]
2016-05-09 16:12:09.787 DEBUG 8148 --- [ost-startStop-1] o.s.w.c.s.StandardServletEnvironment     : Adding [servletConfigInitParams] PropertySource with lowest search precedence
2016-05-09 16:12:09.787 DEBUG 8148 --- [ost-startStop-1] o.s.w.c.s.StandardServletEnvironment     : Adding [servletContextInitParams] PropertySource with lowest search precedence
2016-05-09 16:12:09.788 DEBUG 8148 --- [ost-startStop-1] o.s.w.c.s.StandardServletEnvironment     : Adding [systemProperties] PropertySource with lowest search precedence
2016-05-09 16:12:09.788 DEBUG 8148 --- [ost-startStop-1] o.s.w.c.s.StandardServletEnvironment     : Adding [systemEnvironment] PropertySource with lowest search precedence
2016-05-09 16:12:09.788 DEBUG 8148 --- [ost-startStop-1] o.s.w.c.s.StandardServletEnvironment     : Initialized StandardServletEnvironment with PropertySources [servletConfigInitParams,servletContextInitParams,systemProperties,systemEnvironment]
2016-05-09 16:12:09.801 DEBUG 8148 --- [ost-startStop-1] o.s.w.c.s.StandardServletEnvironment     : Adding [servletConfigInitParams] PropertySource with lowest search precedence
2016-05-09 16:12:09.802 DEBUG 8148 --- [ost-startStop-1] o.s.w.c.s.StandardServletEnvironment     : Adding [servletContextInitParams] PropertySource with lowest search precedence
2016-05-09 16:12:09.802 DEBUG 8148 --- [ost-startStop-1] o.s.w.c.s.StandardServletEnvironment     : Adding [systemProperties] PropertySource with lowest search precedence
2016-05-09 16:12:09.802 DEBUG 8148 --- [ost-startStop-1] o.s.w.c.s.StandardServletEnvironment     : Adding [systemEnvironment] PropertySource with lowest search precedence
2016-05-09 16:12:09.803 DEBUG 8148 --- [ost-startStop-1] o.s.w.c.s.StandardServletEnvironment     : Initialized StandardServletEnvironment with PropertySources [servletConfigInitParams,servletContextInitParams,systemProperties,systemEnvironment]
2016-05-09 16:12:09.809 DEBUG 8148 --- [ost-startStop-1] o.s.w.c.s.StandardServletEnvironment     : Adding [servletConfigInitParams] PropertySource with lowest search precedence
2016-05-09 16:12:09.809 DEBUG 8148 --- [ost-startStop-1] o.s.w.c.s.StandardServletEnvironment     : Adding [servletContextInitParams] PropertySource with lowest search precedence
2016-05-09 16:12:09.809 DEBUG 8148 --- [ost-startStop-1] o.s.w.c.s.StandardServletEnvironment     : Adding [systemProperties] PropertySource with lowest search precedence
2016-05-09 16:12:09.810 DEBUG 8148 --- [ost-startStop-1] o.s.w.c.s.StandardServletEnvironment     : Adding [systemEnvironment] PropertySource with lowest search precedence
2016-05-09 16:12:09.810 DEBUG 8148 --- [ost-startStop-1] o.s.w.c.s.StandardServletEnvironment     : Initialized StandardServletEnvironment with PropertySources [servletConfigInitParams,servletContextInitParams,systemProperties,systemEnvironment]
2016-05-09 16:12:09.843  INFO 8148 --- [ost-startStop-1] o.s.s.web.DefaultSecurityFilterChain     : Creating filter chain: Ant [pattern='/h2-console/**'], [org.springframework.security.web.context.request.async.WebAsyncManagerIntegrationFilter@7514a0d5, org.springframework.security.web.context.SecurityContextPersistenceFilter@3d5ad563, org.springframework.security.web.header.HeaderWriterFilter@20943797, org.springframework.security.web.authentication.logout.LogoutFilter@359d3dba, org.springframework.security.web.authentication.www.BasicAuthenticationFilter@1a8309dc, org.springframework.security.web.savedrequest.RequestCacheAwareFilter@2b7970e2, org.springframework.security.web.servletapi.SecurityContextHolderAwareRequestFilter@5d76e18a, org.springframework.security.web.authentication.AnonymousAuthenticationFilter@66dafa1d, org.springframework.security.web.session.SessionManagementFilter@6e44cfd7, org.springframework.security.web.access.ExceptionTranslationFilter@404c530c, org.springframework.security.web.access.intercept.FilterSecurityInterceptor@2764231d]
2016-05-09 16:12:09.845 DEBUG 8148 --- [ost-startStop-1] o.s.w.c.s.StandardServletEnvironment     : Adding [servletConfigInitParams] PropertySource with lowest search precedence
2016-05-09 16:12:09.845 DEBUG 8148 --- [ost-startStop-1] o.s.w.c.s.StandardServletEnvironment     : Adding [servletContextInitParams] PropertySource with lowest search precedence
2016-05-09 16:12:09.846 DEBUG 8148 --- [ost-startStop-1] o.s.w.c.s.StandardServletEnvironment     : Adding [systemProperties] PropertySource with lowest search precedence
2016-05-09 16:12:09.846 DEBUG 8148 --- [ost-startStop-1] o.s.w.c.s.StandardServletEnvironment     : Adding [systemEnvironment] PropertySource with lowest search precedence
2016-05-09 16:12:09.846 DEBUG 8148 --- [ost-startStop-1] o.s.w.c.s.StandardServletEnvironment     : Initialized StandardServletEnvironment with PropertySources [servletConfigInitParams,servletContextInitParams,systemProperties,systemEnvironment]
2016-05-09 16:12:09.848 DEBUG 8148 --- [ost-startStop-1] o.s.w.c.s.StandardServletEnvironment     : Adding [servletConfigInitParams] PropertySource with lowest search precedence
2016-05-09 16:12:09.848 DEBUG 8148 --- [ost-startStop-1] o.s.w.c.s.StandardServletEnvironment     : Adding [servletContextInitParams] PropertySource with lowest search precedence
2016-05-09 16:12:09.848 DEBUG 8148 --- [ost-startStop-1] o.s.w.c.s.StandardServletEnvironment     : Adding [systemProperties] PropertySource with lowest search precedence
2016-05-09 16:12:09.848 DEBUG 8148 --- [ost-startStop-1] o.s.w.c.s.StandardServletEnvironment     : Adding [systemEnvironment] PropertySource with lowest search precedence
2016-05-09 16:12:09.849 DEBUG 8148 --- [ost-startStop-1] o.s.w.c.s.StandardServletEnvironment     : Initialized StandardServletEnvironment with PropertySources [servletConfigInitParams,servletContextInitParams,systemProperties,systemEnvironment]
2016-05-09 16:12:09.857 DEBUG 8148 --- [ost-startStop-1] o.s.w.c.s.StandardServletEnvironment     : Adding [servletConfigInitParams] PropertySource with lowest search precedence
2016-05-09 16:12:09.857 DEBUG 8148 --- [ost-startStop-1] o.s.w.c.s.StandardServletEnvironment     : Adding [servletContextInitParams] PropertySource with lowest search precedence
2016-05-09 16:12:09.857 DEBUG 8148 --- [ost-startStop-1] o.s.w.c.s.StandardServletEnvironment     : Adding [systemProperties] PropertySource with lowest search precedence
2016-05-09 16:12:09.858 DEBUG 8148 --- [ost-startStop-1] o.s.w.c.s.StandardServletEnvironment     : Adding [systemEnvironment] PropertySource with lowest search precedence
2016-05-09 16:12:09.858 DEBUG 8148 --- [ost-startStop-1] o.s.w.c.s.StandardServletEnvironment     : Initialized StandardServletEnvironment with PropertySources [servletConfigInitParams,servletContextInitParams,systemProperties,systemEnvironment]
2016-05-09 16:12:09.859 DEBUG 8148 --- [ost-startStop-1] o.s.w.c.s.StandardServletEnvironment     : Adding [servletConfigInitParams] PropertySource with lowest search precedence
2016-05-09 16:12:09.859 DEBUG 8148 --- [ost-startStop-1] o.s.w.c.s.StandardServletEnvironment     : Adding [servletContextInitParams] PropertySource with lowest search precedence
2016-05-09 16:12:09.859 DEBUG 8148 --- [ost-startStop-1] o.s.w.c.s.StandardServletEnvironment     : Adding [systemProperties] PropertySource with lowest search precedence
2016-05-09 16:12:09.860 DEBUG 8148 --- [ost-startStop-1] o.s.w.c.s.StandardServletEnvironment     : Adding [systemEnvironment] PropertySource with lowest search precedence
2016-05-09 16:12:09.860 DEBUG 8148 --- [ost-startStop-1] o.s.w.c.s.StandardServletEnvironment     : Initialized StandardServletEnvironment with PropertySources [servletConfigInitParams,servletContextInitParams,systemProperties,systemEnvironment]
2016-05-09 16:12:09.861 DEBUG 8148 --- [ost-startStop-1] o.s.w.c.s.StandardServletEnvironment     : Adding [servletConfigInitParams] PropertySource with lowest search precedence
2016-05-09 16:12:09.861 DEBUG 8148 --- [ost-startStop-1] o.s.w.c.s.StandardServletEnvironment     : Adding [servletContextInitParams] PropertySource with lowest search precedence
2016-05-09 16:12:09.861 DEBUG 8148 --- [ost-startStop-1] o.s.w.c.s.StandardServletEnvironment     : Adding [systemProperties] PropertySource with lowest search precedence
2016-05-09 16:12:09.861 DEBUG 8148 --- [ost-startStop-1] o.s.w.c.s.StandardServletEnvironment     : Adding [systemEnvironment] PropertySource with lowest search precedence
2016-05-09 16:12:09.862 DEBUG 8148 --- [ost-startStop-1] o.s.w.c.s.StandardServletEnvironment     : Initialized StandardServletEnvironment with PropertySources [servletConfigInitParams,servletContextInitParams,systemProperties,systemEnvironment]
2016-05-09 16:12:09.863 DEBUG 8148 --- [ost-startStop-1] o.s.w.c.s.StandardServletEnvironment     : Adding [servletConfigInitParams] PropertySource with lowest search precedence
2016-05-09 16:12:09.863 DEBUG 8148 --- [ost-startStop-1] o.s.w.c.s.StandardServletEnvironment     : Adding [servletContextInitParams] PropertySource with lowest search precedence
2016-05-09 16:12:09.863 DEBUG 8148 --- [ost-startStop-1] o.s.w.c.s.StandardServletEnvironment     : Adding [systemProperties] PropertySource with lowest search precedence
2016-05-09 16:12:09.864 DEBUG 8148 --- [ost-startStop-1] o.s.w.c.s.StandardServletEnvironment     : Adding [systemEnvironment] PropertySource with lowest search precedence
2016-05-09 16:12:09.864 DEBUG 8148 --- [ost-startStop-1] o.s.w.c.s.StandardServletEnvironment     : Initialized StandardServletEnvironment with PropertySources [servletConfigInitParams,servletContextInitParams,systemProperties,systemEnvironment]
2016-05-09 16:12:09.865 DEBUG 8148 --- [ost-startStop-1] o.s.w.c.s.StandardServletEnvironment     : Adding [servletConfigInitParams] PropertySource with lowest search precedence
2016-05-09 16:12:09.865 DEBUG 8148 --- [ost-startStop-1] o.s.w.c.s.StandardServletEnvironment     : Adding [servletContextInitParams] PropertySource with lowest search precedence
2016-05-09 16:12:09.865 DEBUG 8148 --- [ost-startStop-1] o.s.w.c.s.StandardServletEnvironment     : Adding [systemProperties] PropertySource with lowest search precedence
2016-05-09 16:12:09.866 DEBUG 8148 --- [ost-startStop-1] o.s.w.c.s.StandardServletEnvironment     : Adding [systemEnvironment] PropertySource with lowest search precedence
2016-05-09 16:12:09.866 DEBUG 8148 --- [ost-startStop-1] o.s.w.c.s.StandardServletEnvironment     : Initialized StandardServletEnvironment with PropertySources [servletConfigInitParams,servletContextInitParams,systemProperties,systemEnvironment]
2016-05-09 16:12:09.867 DEBUG 8148 --- [ost-startStop-1] o.s.w.c.s.StandardServletEnvironment     : Adding [servletConfigInitParams] PropertySource with lowest search precedence
2016-05-09 16:12:09.867 DEBUG 8148 --- [ost-startStop-1] o.s.w.c.s.StandardServletEnvironment     : Adding [servletContextInitParams] PropertySource with lowest search precedence
2016-05-09 16:12:09.868 DEBUG 8148 --- [ost-startStop-1] o.s.w.c.s.StandardServletEnvironment     : Adding [systemProperties] PropertySource with lowest search precedence
2016-05-09 16:12:09.868 DEBUG 8148 --- [ost-startStop-1] o.s.w.c.s.StandardServletEnvironment     : Adding [systemEnvironment] PropertySource with lowest search precedence
2016-05-09 16:12:09.868 DEBUG 8148 --- [ost-startStop-1] o.s.w.c.s.StandardServletEnvironment     : Initialized StandardServletEnvironment with PropertySources [servletConfigInitParams,servletContextInitParams,systemProperties,systemEnvironment]
2016-05-09 16:12:09.869 DEBUG 8148 --- [ost-startStop-1] o.s.w.c.s.StandardServletEnvironment     : Adding [servletConfigInitParams] PropertySource with lowest search precedence
2016-05-09 16:12:09.870 DEBUG 8148 --- [ost-startStop-1] o.s.w.c.s.StandardServletEnvironment     : Adding [servletContextInitParams] PropertySource with lowest search precedence
2016-05-09 16:12:09.870 DEBUG 8148 --- [ost-startStop-1] o.s.w.c.s.StandardServletEnvironment     : Adding [systemProperties] PropertySource with lowest search precedence
2016-05-09 16:12:09.870 DEBUG 8148 --- [ost-startStop-1] o.s.w.c.s.StandardServletEnvironment     : Adding [systemEnvironment] PropertySource with lowest search precedence
2016-05-09 16:12:09.871 DEBUG 8148 --- [ost-startStop-1] o.s.w.c.s.StandardServletEnvironment     : Initialized StandardServletEnvironment with PropertySources [servletConfigInitParams,servletContextInitParams,systemProperties,systemEnvironment]
2016-05-09 16:12:09.877  INFO 8148 --- [ost-startStop-1] o.s.s.web.DefaultSecurityFilterChain     : Creating filter chain: org.springframework.security.web.util.matcher.AnyRequestMatcher@1, [org.springframework.security.web.context.request.async.WebAsyncManagerIntegrationFilter@111fc3dd, org.springframework.security.web.context.SecurityContextPersistenceFilter@3a0d3ab3, org.springframework.security.web.header.HeaderWriterFilter@82e7036, org.springframework.security.web.csrf.CsrfFilter@68352b43, com.example.application.config.boot.SecurityConfig$1@4f6a6c83, org.springframework.security.web.authentication.logout.LogoutFilter@19d424fe, org.springframework.security.web.authentication.www.BasicAuthenticationFilter@4adf5dd5, org.springframework.security.web.savedrequest.RequestCacheAwareFilter@2a229b04, org.springframework.security.web.servletapi.SecurityContextHolderAwareRequestFilter@51f6e1b6, org.springframework.security.web.authentication.AnonymousAuthenticationFilter@58c8259a, org.springframework.security.web.session.SessionManagementFilter@49802d43, org.springframework.security.web.access.ExceptionTranslationFilter@33b4717f, org.springframework.security.web.access.intercept.FilterSecurityInterceptor@6ec912f3]
2016-05-09 16:12:09.880 DEBUG 8148 --- [ost-startStop-1] o.s.w.c.s.StandardServletEnvironment     : Adding [servletConfigInitParams] PropertySource with lowest search precedence
2016-05-09 16:12:09.880 DEBUG 8148 --- [ost-startStop-1] o.s.w.c.s.StandardServletEnvironment     : Adding [servletContextInitParams] PropertySource with lowest search precedence
2016-05-09 16:12:09.881 DEBUG 8148 --- [ost-startStop-1] o.s.w.c.s.StandardServletEnvironment     : Adding [systemProperties] PropertySource with lowest search precedence
2016-05-09 16:12:09.881 DEBUG 8148 --- [ost-startStop-1] o.s.w.c.s.StandardServletEnvironment     : Adding [systemEnvironment] PropertySource with lowest search precedence
2016-05-09 16:12:09.881 DEBUG 8148 --- [ost-startStop-1] o.s.w.c.s.StandardServletEnvironment     : Initialized StandardServletEnvironment with PropertySources [servletConfigInitParams,servletContextInitParams,systemProperties,systemEnvironment]
2016-05-09 16:12:09.886 DEBUG 8148 --- [ost-startStop-1] o.s.w.c.s.StandardServletEnvironment     : Adding [servletConfigInitParams] PropertySource with lowest search precedence
2016-05-09 16:12:09.886 DEBUG 8148 --- [ost-startStop-1] o.s.w.c.s.StandardServletEnvironment     : Adding [servletContextInitParams] PropertySource with lowest search precedence
2016-05-09 16:12:09.887 DEBUG 8148 --- [ost-startStop-1] o.s.w.c.s.StandardServletEnvironment     : Adding [systemProperties] PropertySource with lowest search precedence
2016-05-09 16:12:09.887 DEBUG 8148 --- [ost-startStop-1] o.s.w.c.s.StandardServletEnvironment     : Adding [systemEnvironment] PropertySource with lowest search precedence
2016-05-09 16:12:09.888 DEBUG 8148 --- [ost-startStop-1] o.s.w.c.s.StandardServletEnvironment     : Initialized StandardServletEnvironment with PropertySources [servletConfigInitParams,servletContextInitParams,systemProperties,systemEnvironment]
2016-05-09 16:12:09.889 DEBUG 8148 --- [ost-startStop-1] o.s.w.c.s.StandardServletEnvironment     : Adding [servletConfigInitParams] PropertySource with lowest search precedence
2016-05-09 16:12:09.889 DEBUG 8148 --- [ost-startStop-1] o.s.w.c.s.StandardServletEnvironment     : Adding [servletContextInitParams] PropertySource with lowest search precedence
2016-05-09 16:12:09.890 DEBUG 8148 --- [ost-startStop-1] o.s.w.c.s.StandardServletEnvironment     : Adding [systemProperties] PropertySource with lowest search precedence
2016-05-09 16:12:09.890 DEBUG 8148 --- [ost-startStop-1] o.s.w.c.s.StandardServletEnvironment     : Adding [systemEnvironment] PropertySource with lowest search precedence
2016-05-09 16:12:09.891 DEBUG 8148 --- [ost-startStop-1] o.s.w.c.s.StandardServletEnvironment     : Initialized StandardServletEnvironment with PropertySources [servletConfigInitParams,servletContextInitParams,systemProperties,systemEnvironment]
2016-05-09 16:12:09.892 DEBUG 8148 --- [ost-startStop-1] o.s.w.c.s.StandardServletEnvironment     : Adding [servletConfigInitParams] PropertySource with lowest search precedence
2016-05-09 16:12:09.892 DEBUG 8148 --- [ost-startStop-1] o.s.w.c.s.StandardServletEnvironment     : Adding [servletContextInitParams] PropertySource with lowest search precedence
2016-05-09 16:12:09.893 DEBUG 8148 --- [ost-startStop-1] o.s.w.c.s.StandardServletEnvironment     : Adding [systemProperties] PropertySource with lowest search precedence
2016-05-09 16:12:09.893 DEBUG 8148 --- [ost-startStop-1] o.s.w.c.s.StandardServletEnvironment     : Adding [systemEnvironment] PropertySource with lowest search precedence
2016-05-09 16:12:09.893 DEBUG 8148 --- [ost-startStop-1] o.s.w.c.s.StandardServletEnvironment     : Initialized StandardServletEnvironment with PropertySources [servletConfigInitParams,servletContextInitParams,systemProperties,systemEnvironment]
2016-05-09 16:12:09.895 DEBUG 8148 --- [ost-startStop-1] o.s.w.c.s.StandardServletEnvironment     : Adding [servletConfigInitParams] PropertySource with lowest search precedence
2016-05-09 16:12:09.895 DEBUG 8148 --- [ost-startStop-1] o.s.w.c.s.StandardServletEnvironment     : Adding [servletContextInitParams] PropertySource with lowest search precedence
2016-05-09 16:12:09.896 DEBUG 8148 --- [ost-startStop-1] o.s.w.c.s.StandardServletEnvironment     : Adding [systemProperties] PropertySource with lowest search precedence
2016-05-09 16:12:09.896 DEBUG 8148 --- [ost-startStop-1] o.s.w.c.s.StandardServletEnvironment     : Adding [systemEnvironment] PropertySource with lowest search precedence
2016-05-09 16:12:09.896 DEBUG 8148 --- [ost-startStop-1] o.s.w.c.s.StandardServletEnvironment     : Initialized StandardServletEnvironment with PropertySources [servletConfigInitParams,servletContextInitParams,systemProperties,systemEnvironment]
2016-05-09 16:12:09.897 DEBUG 8148 --- [ost-startStop-1] o.s.w.c.s.StandardServletEnvironment     : Adding [servletConfigInitParams] PropertySource with lowest search precedence
2016-05-09 16:12:09.898 DEBUG 8148 --- [ost-startStop-1] o.s.w.c.s.StandardServletEnvironment     : Adding [servletContextInitParams] PropertySource with lowest search precedence
2016-05-09 16:12:09.899 DEBUG 8148 --- [ost-startStop-1] o.s.w.c.s.StandardServletEnvironment     : Adding [systemProperties] PropertySource with lowest search precedence
2016-05-09 16:12:09.899 DEBUG 8148 --- [ost-startStop-1] o.s.w.c.s.StandardServletEnvironment     : Adding [systemEnvironment] PropertySource with lowest search precedence
2016-05-09 16:12:09.899 DEBUG 8148 --- [ost-startStop-1] o.s.w.c.s.StandardServletEnvironment     : Initialized StandardServletEnvironment with PropertySources [servletConfigInitParams,servletContextInitParams,systemProperties,systemEnvironment]
2016-05-09 16:12:09.901 DEBUG 8148 --- [ost-startStop-1] o.s.w.c.s.StandardServletEnvironment     : Adding [servletConfigInitParams] PropertySource with lowest search precedence
2016-05-09 16:12:09.901 DEBUG 8148 --- [ost-startStop-1] o.s.w.c.s.StandardServletEnvironment     : Adding [servletContextInitParams] PropertySource with lowest search precedence
2016-05-09 16:12:09.902 DEBUG 8148 --- [ost-startStop-1] o.s.w.c.s.StandardServletEnvironment     : Adding [systemProperties] PropertySource with lowest search precedence
2016-05-09 16:12:09.902 DEBUG 8148 --- [ost-startStop-1] o.s.w.c.s.StandardServletEnvironment     : Adding [systemEnvironment] PropertySource with lowest search precedence
2016-05-09 16:12:09.902 DEBUG 8148 --- [ost-startStop-1] o.s.w.c.s.StandardServletEnvironment     : Initialized StandardServletEnvironment with PropertySources [servletConfigInitParams,servletContextInitParams,systemProperties,systemEnvironment]
2016-05-09 16:12:09.903 DEBUG 8148 --- [ost-startStop-1] o.s.w.c.s.StandardServletEnvironment     : Adding [servletConfigInitParams] PropertySource with lowest search precedence
2016-05-09 16:12:09.904 DEBUG 8148 --- [ost-startStop-1] o.s.w.c.s.StandardServletEnvironment     : Adding [servletContextInitParams] PropertySource with lowest search precedence
2016-05-09 16:12:09.904 DEBUG 8148 --- [ost-startStop-1] o.s.w.c.s.StandardServletEnvironment     : Adding [systemProperties] PropertySource with lowest search precedence
2016-05-09 16:12:09.904 DEBUG 8148 --- [ost-startStop-1] o.s.w.c.s.StandardServletEnvironment     : Adding [systemEnvironment] PropertySource with lowest search precedence
2016-05-09 16:12:09.904 DEBUG 8148 --- [ost-startStop-1] o.s.w.c.s.StandardServletEnvironment     : Initialized StandardServletEnvironment with PropertySources [servletConfigInitParams,servletContextInitParams,systemProperties,systemEnvironment]
2016-05-09 16:12:09.906  INFO 8148 --- [ost-startStop-1] o.s.s.web.DefaultSecurityFilterChain     : Creating filter chain: OrRequestMatcher [requestMatchers=[Ant [pattern='/**']]], [org.springframework.security.web.context.request.async.WebAsyncManagerIntegrationFilter@744f44d7, org.springframework.security.web.context.SecurityContextPersistenceFilter@7fb3bbbf, org.springframework.security.web.header.HeaderWriterFilter@9f7bfb5, org.springframework.security.web.authentication.logout.LogoutFilter@d4792ae, org.springframework.security.web.authentication.www.BasicAuthenticationFilter@6fcbaefa, org.springframework.security.web.savedrequest.RequestCacheAwareFilter@68350c11, org.springframework.security.web.servletapi.SecurityContextHolderAwareRequestFilter@5c8b0cb5, org.springframework.security.web.authentication.AnonymousAuthenticationFilter@7e1a48ff, org.springframework.security.web.session.SessionManagementFilter@3ddd9802, org.springframework.security.web.access.ExceptionTranslationFilter@661e21f1, org.springframework.security.web.access.intercept.FilterSecurityInterceptor@28d9d998]
2016-05-09 16:12:09.907 DEBUG 8148 --- [ost-startStop-1] o.s.w.c.s.StandardServletEnvironment     : Adding [servletConfigInitParams] PropertySource with lowest search precedence
2016-05-09 16:12:09.909 DEBUG 8148 --- [ost-startStop-1] o.s.w.c.s.StandardServletEnvironment     : Adding [servletContextInitParams] PropertySource with lowest search precedence
2016-05-09 16:12:09.909 DEBUG 8148 --- [ost-startStop-1] o.s.w.c.s.StandardServletEnvironment     : Adding [systemProperties] PropertySource with lowest search precedence
2016-05-09 16:12:09.910 DEBUG 8148 --- [ost-startStop-1] o.s.w.c.s.StandardServletEnvironment     : Adding [systemEnvironment] PropertySource with lowest search precedence
2016-05-09 16:12:09.910 DEBUG 8148 --- [ost-startStop-1] o.s.w.c.s.StandardServletEnvironment     : Initialized StandardServletEnvironment with PropertySources [servletConfigInitParams,servletContextInitParams,systemProperties,systemEnvironment]
2016-05-09 16:12:09.919 DEBUG 8148 --- [ost-startStop-1] o.s.web.filter.DelegatingFilterProxy     : Filter 'springSecurityFilterChain' configured successfully
2016-05-09 16:12:10.604  INFO 8148 --- [    Test worker] j.LocalContainerEntityManagerFactoryBean : Building JPA container EntityManagerFactory for persistence unit 'default'
2016-05-09 16:12:10.625  INFO 8148 --- [    Test worker] o.hibernate.jpa.internal.util.LogHelper  : HHH000204: Processing PersistenceUnitInfo [
	name: default
	...]
2016-05-09 16:12:10.740  INFO 8148 --- [    Test worker] org.hibernate.Version                    : HHH000412: Hibernate Core {4.3.11.Final}
2016-05-09 16:12:10.743  INFO 8148 --- [    Test worker] org.hibernate.cfg.Environment            : HHH000206: hibernate.properties not found
2016-05-09 16:12:10.746  INFO 8148 --- [    Test worker] org.hibernate.cfg.Environment            : HHH000021: Bytecode provider name : javassist
2016-05-09 16:12:11.021  INFO 8148 --- [    Test worker] o.hibernate.annotations.common.Version   : HCANN000001: Hibernate Commons Annotations {4.0.5.Final}
2016-05-09 16:12:11.200  INFO 8148 --- [    Test worker] org.hibernate.dialect.Dialect            : HHH000400: Using dialect: org.hibernate.dialect.H2Dialect
2016-05-09 16:12:11.410  INFO 8148 --- [    Test worker] o.h.h.i.ast.ASTQueryTranslatorFactory    : HHH000397: Using ASTQueryTranslatorFactory
2016-05-09 16:12:11.687  INFO 8148 --- [    Test worker] org.hibernate.tuple.PojoInstantiator     : HHH000182: No default (no-argument) constructor for class: com.example.domain.entity.User (class must be instantiated by Interceptor)
2016-05-09 16:12:11.774  INFO 8148 --- [    Test worker] org.hibernate.tool.hbm2ddl.SchemaExport  : HHH000227: Running hbm2ddl schema export
2016-05-09 16:12:11.785  INFO 8148 --- [    Test worker] org.hibernate.tool.hbm2ddl.SchemaExport  : HHH000230: Schema export complete
2016-05-09 16:12:12.724  INFO 8148 --- [    Test worker] s.w.s.m.m.a.RequestMappingHandlerAdapter : Looking for @ControllerAdvice: org.springframework.boot.context.embedded.AnnotationConfigEmbeddedWebApplicationContext@6d3a9ee1: startup date [Mon May 09 16:12:05 BRT 2016]; root of context hierarchy
2016-05-09 16:12:12.807 DEBUG 8148 --- [    Test worker] s.w.s.m.m.a.RequestMappingHandlerMapping : Looking for request mappings in application context: org.springframework.boot.context.embedded.AnnotationConfigEmbeddedWebApplicationContext@6d3a9ee1: startup date [Mon May 09 16:12:05 BRT 2016]; root of context hierarchy
2016-05-09 16:12:12.823 DEBUG 8148 --- [    Test worker] s.w.s.m.m.a.RequestMappingHandlerMapping : 1 request handler methods found on class com.example.application.config.boot.SecurityConfig: {public java.security.Principal com.example.application.config.boot.SecurityConfig.user(java.security.Principal)={[/user],methods=[GET]}}
2016-05-09 16:12:12.824  INFO 8148 --- [    Test worker] s.w.s.m.m.a.RequestMappingHandlerMapping : Mapped "{[/user],methods=[GET]}" onto public java.security.Principal com.example.application.config.boot.SecurityConfig.user(java.security.Principal)
2016-05-09 16:12:12.828 DEBUG 8148 --- [    Test worker] s.w.s.m.m.a.RequestMappingHandlerMapping : 2 request handler methods found on class com.example.application.controller.InventoryController: {public void com.example.application.controller.InventoryController.save(com.example.domain.entity.Inventory)={[/inventory],methods=[POST]}, public java.lang.Iterable com.example.application.controller.InventoryController.searchAll()={[/inventory],methods=[GET]}}
2016-05-09 16:12:12.828  INFO 8148 --- [    Test worker] s.w.s.m.m.a.RequestMappingHandlerMapping : Mapped "{[/inventory],methods=[POST]}" onto public void com.example.application.controller.InventoryController.save(com.example.domain.entity.Inventory)
2016-05-09 16:12:12.836  INFO 8148 --- [    Test worker] s.w.s.m.m.a.RequestMappingHandlerMapping : Mapped "{[/inventory],methods=[GET]}" onto public java.lang.Iterable<com.example.domain.entity.Inventory> com.example.application.controller.InventoryController.searchAll()
2016-05-09 16:12:12.842 DEBUG 8148 --- [    Test worker] s.w.s.m.m.a.RequestMappingHandlerMapping : 5 request handler methods found on class com.example.application.controller.ProductDetailController: {public org.springframework.http.HttpEntity com.example.application.controller.ProductDetailController.update(java.lang.String,javax.servlet.http.HttpServletRequest) throws java.io.IOException={[/products/{id}],methods=[PUT]}, public com.example.domain.entity.ProductDetail com.example.application.controller.ProductDetailController.find(java.lang.String)={[/products/{id}],methods=[GET]}, public org.springframework.http.HttpEntity com.example.application.controller.ProductDetailController.delete(java.lang.String)={[/products/{id}],methods=[DELETE]}, public com.example.domain.entity.ProductDetail com.example.application.controller.ProductDetailController.save(com.example.domain.entity.ProductDetail)={[/products],methods=[POST]}, public java.lang.Iterable com.example.application.controller.ProductDetailController.findAll(int,int,org.springframework.data.domain.Sort$Direction,java.lang.String)={[/products],methods=[GET]}}
2016-05-09 16:12:12.843  INFO 8148 --- [    Test worker] s.w.s.m.m.a.RequestMappingHandlerMapping : Mapped "{[/products/{id}],methods=[PUT]}" onto public org.springframework.http.HttpEntity com.example.application.controller.ProductDetailController.update(java.lang.String,javax.servlet.http.HttpServletRequest) throws java.io.IOException
2016-05-09 16:12:12.843  INFO 8148 --- [    Test worker] s.w.s.m.m.a.RequestMappingHandlerMapping : Mapped "{[/products/{id}],methods=[GET]}" onto public com.example.domain.entity.ProductDetail com.example.application.controller.ProductDetailController.find(java.lang.String)
2016-05-09 16:12:12.844  INFO 8148 --- [    Test worker] s.w.s.m.m.a.RequestMappingHandlerMapping : Mapped "{[/products/{id}],methods=[DELETE]}" onto public org.springframework.http.HttpEntity com.example.application.controller.ProductDetailController.delete(java.lang.String)
2016-05-09 16:12:12.844  INFO 8148 --- [    Test worker] s.w.s.m.m.a.RequestMappingHandlerMapping : Mapped "{[/products],methods=[POST]}" onto public com.example.domain.entity.ProductDetail com.example.application.controller.ProductDetailController.save(com.example.domain.entity.ProductDetail)
2016-05-09 16:12:12.845  INFO 8148 --- [    Test worker] s.w.s.m.m.a.RequestMappingHandlerMapping : Mapped "{[/products],methods=[GET]}" onto public java.lang.Iterable com.example.application.controller.ProductDetailController.findAll(int,int,org.springframework.data.domain.Sort$Direction,java.lang.String)
2016-05-09 16:12:12.849 DEBUG 8148 --- [    Test worker] s.w.s.m.m.a.RequestMappingHandlerMapping : 4 request handler methods found on class com.example.application.controller.UserController: {public void com.example.application.controller.UserController.delete(com.example.domain.entity.User)={[/user],methods=[POST]}, public void com.example.application.controller.UserController.save(com.example.domain.entity.User)={[/user],methods=[POST]}, public java.lang.Iterable com.example.application.controller.UserController.searchAll()={[/user],methods=[GET]}, public com.example.domain.entity.User com.example.application.controller.UserController.searchById(java.lang.Long)={[/user/{id}],methods=[GET]}}
2016-05-09 16:12:12.850  INFO 8148 --- [    Test worker] s.w.s.m.m.a.RequestMappingHandlerMapping : Mapped "{[/user],methods=[POST]}" onto public void com.example.application.controller.UserController.delete(com.example.domain.entity.User)
2016-05-09 16:12:12.851  WARN 8148 --- [    Test worker] ationConfigEmbeddedWebApplicationContext : Exception encountered during context initialization - cancelling refresh attempt: org.springframework.beans.factory.BeanCreationException: Error creating bean with name 'requestMappingHandlerMapping' defined in class path resource [org/springframework/boot/autoconfigure/web/WebMvcAutoConfiguration$EnableWebMvcConfiguration.class]: Invocation of init method failed; nested exception is java.lang.IllegalStateException: Ambiguous mapping. Cannot map 'userController' method 
public void com.example.application.controller.UserController.save(com.example.domain.entity.User)
to {[/user],methods=[POST]}: There is already 'userController' bean method
public void com.example.application.controller.UserController.delete(com.example.domain.entity.User) mapped.
2016-05-09 16:12:12.855  INFO 8148 --- [    Test worker] j.LocalContainerEntityManagerFactoryBean : Closing JPA EntityManagerFactory for persistence unit 'default'
2016-05-09 16:12:12.855  INFO 8148 --- [    Test worker] org.hibernate.tool.hbm2ddl.SchemaExport  : HHH000227: Running hbm2ddl schema export
2016-05-09 16:12:12.864  INFO 8148 --- [    Test worker] org.hibernate.tool.hbm2ddl.SchemaExport  : HHH000230: Schema export complete
2016-05-09 16:12:12.871  INFO 8148 --- [    Test worker] o.apache.catalina.core.StandardService   : Stopping service Tomcat
2016-05-09 16:12:12.887 ERROR 8148 --- [    Test worker] o.s.boot.SpringApplication               : Application startup failed

org.springframework.beans.factory.BeanCreationException: Error creating bean with name 'requestMappingHandlerMapping' defined in class path resource [org/springframework/boot/autoconfigure/web/WebMvcAutoConfiguration$EnableWebMvcConfiguration.class]: Invocation of init method failed; nested exception is java.lang.IllegalStateException: Ambiguous mapping. Cannot map 'userController' method 
public void com.example.application.controller.UserController.save(com.example.domain.entity.User)
to {[/user],methods=[POST]}: There is already 'userController' bean method
public void com.example.application.controller.UserController.delete(com.example.domain.entity.User) mapped.
	at org.springframework.beans.factory.support.AbstractAutowireCapableBeanFactory.initializeBean(AbstractAutowireCapableBeanFactory.java:1578)
	at org.springframework.beans.factory.support.AbstractAutowireCapableBeanFactory.doCreateBean(AbstractAutowireCapableBeanFactory.java:545)
	at org.springframework.beans.factory.support.AbstractAutowireCapableBeanFactory.createBean(AbstractAutowireCapableBeanFactory.java:482)
	at org.springframework.beans.factory.support.AbstractBeanFactory$1.getObject(AbstractBeanFactory.java:306)
	at org.springframework.beans.factory.support.DefaultSingletonBeanRegistry.getSingleton(DefaultSingletonBeanRegistry.java:230)
	at org.springframework.beans.factory.support.AbstractBeanFactory.doGetBean(AbstractBeanFactory.java:302)
	at org.springframework.beans.factory.support.AbstractBeanFactory.getBean(AbstractBeanFactory.java:197)
	at org.springframework.beans.factory.support.DefaultListableBeanFactory.preInstantiateSingletons(DefaultListableBeanFactory.java:772)
	at org.springframework.context.support.AbstractApplicationContext.finishBeanFactoryInitialization(AbstractApplicationContext.java:839)
	at org.springframework.context.support.AbstractApplicationContext.refresh(AbstractApplicationContext.java:538)
	at org.springframework.boot.context.embedded.EmbeddedWebApplicationContext.refresh(EmbeddedWebApplicationContext.java:118)
	at org.springframework.boot.SpringApplication.refresh(SpringApplication.java:766)
	at org.springframework.boot.SpringApplication.createAndRefreshContext(SpringApplication.java:361)
	at org.springframework.boot.SpringApplication.run(SpringApplication.java:307)
	at org.springframework.boot.test.SpringApplicationContextLoader.loadContext(SpringApplicationContextLoader.java:98)
	at org.springframework.test.context.cache.DefaultCacheAwareContextLoaderDelegate.loadContextInternal(DefaultCacheAwareContextLoaderDelegate.java:98)
	at org.springframework.test.context.cache.DefaultCacheAwareContextLoaderDelegate.loadContext(DefaultCacheAwareContextLoaderDelegate.java:116)
	at org.springframework.test.context.support.DefaultTestContext.getApplicationContext(DefaultTestContext.java:83)
	at org.springframework.test.context.support.DependencyInjectionTestExecutionListener.injectDependencies(DependencyInjectionTestExecutionListener.java:117)
	at org.springframework.test.context.support.DependencyInjectionTestExecutionListener.prepareTestInstance(DependencyInjectionTestExecutionListener.java:83)
	at org.springframework.test.context.TestContextManager.prepareTestInstance(TestContextManager.java:228)
	at org.springframework.test.context.junit4.SpringJUnit4ClassRunner.createTest(SpringJUnit4ClassRunner.java:230)
	at org.springframework.test.context.junit4.SpringJUnit4ClassRunner$1.runReflectiveCall(SpringJUnit4ClassRunner.java:289)
	at org.junit.internal.runners.model.ReflectiveCallable.run(ReflectiveCallable.java:12)
	at org.springframework.test.context.junit4.SpringJUnit4ClassRunner.methodBlock(SpringJUnit4ClassRunner.java:291)
	at org.springframework.test.context.junit4.SpringJUnit4ClassRunner.runChild(SpringJUnit4ClassRunner.java:249)
	at org.springframework.test.context.junit4.SpringJUnit4ClassRunner.runChild(SpringJUnit4ClassRunner.java:89)
	at org.junit.runners.ParentRunner$3.run(ParentRunner.java:290)
	at org.junit.runners.ParentRunner$1.schedule(ParentRunner.java:71)
	at org.junit.runners.ParentRunner.runChildren(ParentRunner.java:288)
	at org.junit.runners.ParentRunner.access$000(ParentRunner.java:58)
	at org.junit.runners.ParentRunner$2.evaluate(ParentRunner.java:268)
	at org.springframework.test.context.junit4.statements.RunBeforeTestClassCallbacks.evaluate(RunBeforeTestClassCallbacks.java:61)
	at org.springframework.test.context.junit4.statements.RunAfterTestClassCallbacks.evaluate(RunAfterTestClassCallbacks.java:70)
	at org.junit.runners.ParentRunner.run(ParentRunner.java:363)
	at org.springframework.test.context.junit4.SpringJUnit4ClassRunner.run(SpringJUnit4ClassRunner.java:193)
	at org.gradle.api.internal.tasks.testing.junit.JUnitTestClassExecuter.runTestClass(JUnitTestClassExecuter.java:105)
	at org.gradle.api.internal.tasks.testing.junit.JUnitTestClassExecuter.execute(JUnitTestClassExecuter.java:56)
	at org.gradle.api.internal.tasks.testing.junit.JUnitTestClassProcessor.processTestClass(JUnitTestClassProcessor.java:64)
	at org.gradle.api.internal.tasks.testing.SuiteTestClassProcessor.processTestClass(SuiteTestClassProcessor.java:50)
	at sun.reflect.NativeMethodAccessorImpl.invoke0(Native Method)
	at sun.reflect.NativeMethodAccessorImpl.invoke(NativeMethodAccessorImpl.java:62)
	at sun.reflect.DelegatingMethodAccessorImpl.invoke(DelegatingMethodAccessorImpl.java:43)
	at java.lang.reflect.Method.invoke(Method.java:498)
	at org.gradle.messaging.dispatch.ReflectionDispatch.dispatch(ReflectionDispatch.java:35)
	at org.gradle.messaging.dispatch.ReflectionDispatch.dispatch(ReflectionDispatch.java:24)
	at org.gradle.messaging.dispatch.ContextClassLoaderDispatch.dispatch(ContextClassLoaderDispatch.java:32)
	at org.gradle.messaging.dispatch.ProxyDispatchAdapter$DispatchingInvocationHandler.invoke(ProxyDispatchAdapter.java:93)
	at com.sun.proxy.$Proxy2.processTestClass(Unknown Source)
	at org.gradle.api.internal.tasks.testing.worker.TestWorker.processTestClass(TestWorker.java:106)
	at sun.reflect.NativeMethodAccessorImpl.invoke0(Native Method)
	at sun.reflect.NativeMethodAccessorImpl.invoke(NativeMethodAccessorImpl.java:62)
	at sun.reflect.DelegatingMethodAccessorImpl.invoke(DelegatingMethodAccessorImpl.java:43)
	at java.lang.reflect.Method.invoke(Method.java:498)
	at org.gradle.messaging.dispatch.ReflectionDispatch.dispatch(ReflectionDispatch.java:35)
	at org.gradle.messaging.dispatch.ReflectionDispatch.dispatch(ReflectionDispatch.java:24)
	at org.gradle.messaging.remote.internal.hub.MessageHub$Handler.run(MessageHub.java:360)
	at org.gradle.internal.concurrent.ExecutorPolicy$CatchAndRecordFailures.onExecute(ExecutorPolicy.java:54)
	at org.gradle.internal.concurrent.StoppableExecutorImpl$1.run(StoppableExecutorImpl.java:40)
	at java.util.concurrent.ThreadPoolExecutor.runWorker(ThreadPoolExecutor.java:1142)
	at java.util.concurrent.ThreadPoolExecutor$Worker.run(ThreadPoolExecutor.java:617)
	at java.lang.Thread.run(Thread.java:745)
Caused by: java.lang.IllegalStateException: Ambiguous mapping. Cannot map 'userController' method 
public void com.example.application.controller.UserController.save(com.example.domain.entity.User)
to {[/user],methods=[POST]}: There is already 'userController' bean method
public void com.example.application.controller.UserController.delete(com.example.domain.entity.User) mapped.
	at org.springframework.web.servlet.handler.AbstractHandlerMethodMapping$MappingRegistry.assertUniqueMethodMapping(AbstractHandlerMethodMapping.java:567)
	at org.springframework.web.servlet.handler.AbstractHandlerMethodMapping$MappingRegistry.register(AbstractHandlerMethodMapping.java:531)
	at org.springframework.web.servlet.handler.AbstractHandlerMethodMapping.registerHandlerMethod(AbstractHandlerMethodMapping.java:255)
	at org.springframework.web.servlet.handler.AbstractHandlerMethodMapping.detectHandlerMethods(AbstractHandlerMethodMapping.java:241)
	at org.springframework.web.servlet.handler.AbstractHandlerMethodMapping.initHandlerMethods(AbstractHandlerMethodMapping.java:213)
	at org.springframework.web.servlet.handler.AbstractHandlerMethodMapping.afterPropertiesSet(AbstractHandlerMethodMapping.java:183)
	at org.springframework.web.servlet.mvc.method.annotation.RequestMappingHandlerMapping.afterPropertiesSet(RequestMappingHandlerMapping.java:125)
	at org.springframework.beans.factory.support.AbstractAutowireCapableBeanFactory.invokeInitMethods(AbstractAutowireCapableBeanFactory.java:1637)
	at org.springframework.beans.factory.support.AbstractAutowireCapableBeanFactory.initializeBean(AbstractAutowireCapableBeanFactory.java:1574)
	... 61 common frames omitted

2016-05-09 16:12:12.889  INFO 8148 --- [    Test worker] .b.l.ClasspathLoggingApplicationListener : Application failed to start with classpath: [file:/C:/Users/cqsilva/.gradle/caches/2.9/workerMain/gradle-worker.jar, file:/C:/dev/badesc/workspace/demo/build/classes/test/, file:/C:/dev/badesc/workspace/demo/build/resources/test, file:/C:/dev/badesc/workspace/demo/build/classes/main/, file:/C:/dev/badesc/workspace/demo/build/resources/main/, file:/C:/Users/cqsilva/.gradle/caches/modules-2/files-2.1/org.springframework.boot/spring-boot-starter-web/1.3.3.RELEASE/f1ee2657f50844d8682b30a1f40aebff3ad60cce/spring-boot-starter-web-1.3.3.RELEASE.jar, file:/C:/Users/cqsilva/.gradle/caches/modules-2/files-2.1/org.springframework.boot/spring-boot-starter-security/1.3.3.RELEASE/bb649df7b53ab5dc09780d63067400a240e3f366/spring-boot-starter-security-1.3.3.RELEASE.jar, file:/C:/Users/cqsilva/.gradle/caches/modules-2/files-2.1/org.springframework.boot/spring-boot-starter-data-jpa/1.3.3.RELEASE/c1f8f3102650e54259d69c519b45b64fbf5cd25b/spring-boot-starter-data-jpa-1.3.3.RELEASE.jar, file:/C:/Users/cqsilva/.gradle/caches/modules-2/files-2.1/org.springframework.boot/spring-boot-devtools/1.3.3.RELEASE/4802c8ddf34051b07a37124ca38dc7561fe44a47/spring-boot-devtools-1.3.3.RELEASE.jar, file:/C:/Users/cqsilva/.gradle/caches/modules-2/files-2.1/net.sf.jasperreports/jasperreports/6.2.1/4e2e82a46f13b6d08f363d0ff6096093d10e0715/jasperreports-6.2.1.jar, file:/C:/Users/cqsilva/.gradle/caches/modules-2/files-2.1/net.sourceforge.dynamicreports/dynamicreports-core/4.1.0/2dfc8acfd697b9418473cdcd7021de6dd1e8aa4b/dynamicreports-core-4.1.0.jar, file:/C:/Users/cqsilva/.gradle/caches/modules-2/files-2.1/joda-time/joda-time/2.2/a5f29a7acaddea3f4af307e8cf2d0cc82645fd7d/joda-time-2.2.jar, file:/C:/Users/cqsilva/.gradle/caches/modules-2/files-2.1/org.apache.poi/poi/3.12/8be19a6a1fa08e934a497929f360111a4d2e5115/poi-3.12.jar, file:/C:/Users/cqsilva/.gradle/caches/modules-2/files-2.1/com.h2database/h2/1.4.191/dec3540178ea889b2871b0ed56db14bbec9cfdfc/h2-1.4.191.jar, file:/C:/Users/cqsilva/.gradle/caches/modules-2/files-2.1/org.springframework.boot/spring-boot-starter-test/1.3.3.RELEASE/f440856dcf4c3018c9005fa229e7509f28927a73/spring-boot-starter-test-1.3.3.RELEASE.jar, file:/C:/Users/cqsilva/.gradle/caches/modules-2/files-2.1/org.springframework.boot/spring-boot-starter
[...]
lva/.gradle/caches/modules-2/files-2.1/org.apache.lucene/lucene-core/4.5.1/9a3a0258f668213f873891bec16ca4489281329e/lucene-core-4.5.1.jar, file:/C:/Users/cqsilva/.gradle/caches/modules-2/files-2.1/org.apache.lucene/lucene-analyzers-common/4.5.1/ef6c6328e6095c91647126af88cf034ab235a6ed/lucene-analyzers-common-4.5.1.jar, file:/C:/Users/cqsilva/.gradle/caches/modules-2/files-2.1/org.apache.lucene/lucene-queryparser/4.5.1/63f46dc7577d676e7d8e5c63891c737297a9a61c/lucene-queryparser-4.5.1.jar, file:/C:/Users/cqsilva/.gradle/caches/modules-2/files-2.1/org.olap4j/olap4j/0.9.7.309-JS-3/b959e1e72a5ab17668609edb2949b09a6a51b82e/olap4j-0.9.7.309-JS-3.jar, file:/C:/Users/cqsilva/.gradle/caches/modules-2/files-2.1/com.google.zxing/core/2.3.0/80a402b12accd66d4be7e5dbcb44e42baa0bdd7c/core-2.3.0.jar, file:/C:/Users/cqsilva/.gradle/caches/modules-2/files-2.1/org.apache.commons/commons-lang3/3.1/905075e6c80f206bbe6cf1e809d2caa69f420c76/commons-lang3-3.1.jar, file:/C:/Users/cqsilva/.m2/repository/net/sf/barcode4j/barcode4j/2.0/barcode4j-2.0.jar, file:/C:/Users/cqsilva/.gradle/caches/modules-2/files-2.1/commons-codec/commons-codec/1.9/9ce04e34240f674bc72680f8b843b1457383161a/commons-codec-1.9.jar, file:/C:/Users/cqsilva/.gradle/caches/modules-2/files-2.1/junit/junit/4.12/2973d150c0dc1fefe998f834810d68f278ea58ec/junit-4.12.jar, file:/C:/Users/cqsilva/.gradle/caches/modules-2/files-2.1/org.mockito/mockito-core/1.10.19/e8546f5bef4e061d8dd73895b4e8f40e3fe6effe/mockito-core-1.10.19.jar, file:/C:/Users/cqsilva/.m2/repository/org/hamcrest/hamcrest-core/1.3/hamcrest-core-1.3.jar, file:/C:/Users/cqsilva/.gradle/caches/modules-2/files-2.1/org.hamcrest/hamcrest-library/1.3/4785a3c21320980282f9f33d0d1264a69040538f/hamcrest-library-1.3.jar, file:/C:/Users/cqsilva/.gradle/caches/modules-2/files-2.1/org.springframework/spring-core/4.2.5.RELEASE/251207b29f0f38f61e3495a2f7fb053cf1bfe8c/spring-core-4.2.5.RELEASE.jar, file:/C:/Users/cqsilva/.gradle/caches/modules-2/files-2.1/org.springframework/spring-test/4.2.5.RELEASE/60bd0ac25869d515717284b77644d0416d3a38c5/spring-test-4.2.5.RELEASE.jar, file:/C:/Users/cqsilva/.gradle/caches/modules-2/files-2.1/org.springframework.boot/spring-boot-starter-logging/1.3.3.RELEASE/16b395c84f28b947f1c336aa461fda1e662bb3b6/spring-boot-starter-logging-1.3.3.RELEASE.jar, file:/C:/Users/cqsilva/.gradle/caches/modules-2/files-2.1/org.yaml/snakeyaml/1.16/d64fb662c9e42789149f5078a62a22edda786c6a/snakeyaml-1.16.jar, file:/C:/Users/cqsilva/.gradle/caches/modules-2/files-2.1/org.apache.tomcat.embed/tomcat-embed-core/8.0.32/734ead0c803525cc9c7f283438101734ca9aac01/tomcat-embed-core-8.0.32.jar, file:/C:/Users/cqsilva/.gradle/caches/modules-2/files-2.1/org.apache.tomcat.embed/tomcat-embed-el/8.0.32/82adf8bd959fc046d55490e6f2ce67297c91d62b/tomcat-embed-el-8.0.32.jar, file:/C:/Users/cqsilva/.gradle/caches/modules-2/files-2.1/org.apache.tomcat.embed/tomcat-embed-logging-juli/8.0.32/5e664b357710a6c43cad2191404c2a9d0b82cdb3/tomcat-embed-logging-juli-8.0.32.jar, file:/C:/Users/cqsilva/.gradle/caches/modules-2/files-2.1/org.apache.tomcat.embed/tomcat-embed-websocket/8.0.32/237ca58dac66f438579750169e6cb297ac041c9d/tomcat-embed-websocket-8.0.32.jar, file:/C:/Users/cqsilva/.gradle/caches/modules-2/files-2.1/org.hibernate/hibernate-validator/5.2.4.Final/fb18766b576aa6632bcfe9a20a023cbd52bf9769/hibernate-validator-5.2.4.Final.jar, file:/C:/Users/cqsilva/.gradle/caches/modules-2/files-2.1/org.springframework/spring-beans/4.2.5.RELEASE/fa992ae40f6fc47117282164e0433b71da385e94/spring-beans-4.2.5.RELEASE.jar, file:/C:/Users/cqsilva/.gradle/caches/modules-2/files-2.1/org.springframework/spring-context/4.2.5.RELEASE/a75e18322c7b362fe1daa26a245ae672ec0f3138/spring-context-4.2.5.RELEASE.jar, file:/C:/Users/cqsilva/.gradle/caches/modules-2/files-2.1/org.springframework/spring-expression/4.2.5.RELEASE/a42bdfb833d0be6c18429aea3fb0fba81f85c6e8/spring-expression-4.2.5.RELEASE.jar, file:/C:/Users/cqsilva/.gradle/caches/modules-2/files-2.1/aopalliance/aopalliance/1.0/235ba8b489512805ac13a8f9ea77a1ca5ebe3e8/aopalliance-1.0.jar, file:/C:/Users/cqsilva/.gradle/caches/modules-2/files-2.1/org.springframework.security/spring-security-core/4.0.3.RELEASE/9f420c5742ad063970c5d33f60680a1cee777aa5/spring-security-core-4.0.3.RELEASE.jar, file:/C:/Users/cqsilva/.gradle/caches/modules-2/files-2.1/org.aspectj/aspectjweaver/1.8.8/969c8d3d3d56db1e1c8721a03ef07d0c9ac3a2e4/aspectjweaver-1.8.8.jar, file:/C:/Users/cqsilva/.gradle/caches/modules-2/files-2.1/org.apache.tomcat/tomcat-jdbc/8.0.32/55396c45fc8c34f31420a3b280fde4b1387b044d/tomcat-jdbc-8.0.32.jar, file:/C:/Users/cqsilva/.gradle/caches/modules-2/files-2.1/org.springframework/spring-jdbc/4.2.5.RELEASE/205d2f1b902eac16a2ece772dc5ac6090b7e0b6f/spring-jdbc-4.2.5.RELEASE.jar, file:/C:/Users/cqsilva/.gradle/caches/modules-2/files-2.1/org.jboss.logging/jboss-logging/3.3.0.Final/3616bb87707910296e2c195dc016287080bba5af/jboss-logging-3.3.0.Final.jar, file:/C:/Users/cqsilva/.gradle/caches/modules-2/files-2.1/org.jboss.logging/jboss-logging-annotations/1.2.0.Beta1/2f437f37bb265d9f8f1392823dbca12d2bec06d6/jboss-logging-annotations-1.2.0.Beta1.jar, file:/C:/Users/cqsilva/.gradle/caches/modules-2/files-2.1/org.hibernate/hibernate-core/4.3.11.Final/536ac0021240d97db99c7d2983067cef1a6f3af5/hibernate-core-4.3.11.Final.jar, file:/C:/Users/cqsilva/.m2/repository/dom4j/dom4j/1.6.1/dom4j-1.6.1.jar, file:/C:/Users/cqsilva/.gradle/caches/modules-2/files-2.1/org.hibernate.common/hibernate-commons-annotations/4.0.5.Final/2a581b9edb8168e45060d8bad8b7f46712d2c52c/hibernate-commons-annotations-4.0.5.Final.jar, file:/C:/Users/cqsilva/.gradle/caches/modules-2/files-2.1/org.hibernate.javax.persistence/hibernate-jpa-2.1-api/1.0.0.Final/5e731d961297e5a07290bfaf3db1fbc8bbbf405a/hibernate-jpa-2.1-api-1.0.0.Final.jar, file:/C:/Users/cqsilva/.gradle/caches/modules-2/files-2.1/org.javassist/javassist/3.18.1-GA/d9a09f7732226af26bf99f19e2cffe0ae219db5b/javassist-3.18.1-GA.jar, file:/C:/Users/cqsilva/.gradle/caches/modules-2/files-2.1/org.springframework.data/spring-data-commons/1.11.4.RELEASE/c2b1fd4dbf7dff772d6124bb35892759e8bf088e/spring-data-commons-1.11.4.RELEASE.jar, file:/C:/Users/cqsilva/.gradle/caches/modules-2/files-2.1/org.springframework/spring-orm/4.2.5.RELEASE/60625981b837ba93e603d3068d69c6397ecb3ad2/spring-orm-4.2.5.RELEASE.jar, file:/C:/Users/cqsilva/.gradle/caches/modules-2/files-2.1/org.springframework/spring-tx/4.2.5.RELEASE/7395321fe937272d9b781a13985e04ab2dcd6210/spring-tx-4.2.5.RELEASE.jar, file:/C:/Users/cqsilva/.gradle/caches/modules-2/files-2.1/org.slf4j/slf4j-api/1.7.16/3a6274f658487d5bfff9af3862beff6da1e7fd52/slf4j-api-1.7.16.jar, file:/C:/Users/cqsilva/.gradle/caches/modules-2/files-2.1/org.slf4j/jcl-over-slf4j/1.7.16/34e48073884704ac987d3d1a1ab9b60e62028a9/jcl-over-slf4j-1.7.16.jar, file:/C:/Users/cqsilva/.gradle/caches/modules-2/files-2.1/bouncycastle/bcmail-jdk14/138/14ff2dfec8578f5f6838c4d6a77a86789afe5382/bcmail-jdk14-138.jar, file:/C:/Users/cqsilva/.gradle/caches/modules-2/files-2.1/bouncycastle/bcprov-jdk14/138/de366c3243a586eb3c0e2bcde1ed9bb1bfb985ff/bcprov-jdk14-138.jar, file:/C:/Users/cqsilva/.gradle/caches/modules-2/files-2.1/org.codehaus.castor/castor-core/1.3.3/2fbb4a27b840e116526a1189dbe53307551ecfb4/castor-core-1.3.3.jar, file:/C:/Users/cqsilva/.m2/repository/commons-lang/commons-lang/2.6/commons-lang-2.6.jar, file:/C:/Users/cqsilva/.gradle/caches/modules-2/files-2.1/javax.inject/javax.inject/1/6975da39a7040257bd51d21a231b76c915872d38/javax.inject-1.jar, file:/C:/Users/cqsilva/.gradle/caches/modules-2/files-2.1/stax/stax/1.2.0/c434800de5e4bbe1822805be5fb1c32d6834f830/stax-1.2.0.jar, file:/C:/Users/cqsilva/.gradle/caches/modules-2/files-2.1/javax.xml.stream/stax-api/1.0-2/d6337b0de8b25e53e81b922352fbea9f9f57ba0b/stax-api-1.0-2.jar, file:/C:/Users/cqsilva/.gradle/caches/modules-2/files-2.1/org.apache.lucene/lucene-queries/4.5.1/62f829859c8bc2df6239cf4c1d8f96ed46b5e541/lucene-queries-4.5.1.jar, file:/C:/Users/cqsilva/.gradle/caches/modules-2/files-2.1/org.apache.lucene/lucene-sandbox/4.5.1/4b038e148cac043176ecacdb34078a9ee07bd957/lucene-sandbox-4.5.1.jar, file:/C:/Users/cqsilva/.gradle/caches/modules-2/files-2.1/avalon-framework/avalon-framework-impl/4.2.0/4da1db18947eb6950abb7ad79253011b9aec0e48/avalon-framework-impl-4.2.0.jar, file:/C:/Users/cqsilva/.gradle/caches/modules-2/files-2.1/xml-apis/xml-apis/1.3.04/90b215f48fe42776c8c7f6e3509ec54e84fd65ef/xml-apis-1.3.04.jar, file:/C:/Users/cqsilva/.m2/repository/org/objenesis/objenesis/2.1/objenesis-2.1.jar, file:/C:/Users/cqsilva/.gradle/caches/modules-2/files-2.1/ch.qos.logback/logback-classic/1.1.5/92353eb144695bba80b31f7bec4f36d871f230ac/logback-classic-1.1.5.jar, file:/C:/Users/cqsilva/.gradle/caches/modules-2/files-2.1/org.slf4j/jul-to-slf4j/1.7.16/2d5b546c5557dcbf08c3a381d7dc9bd275a602c1/jul-to-slf4j-1.7.16.jar, file:/C:/Users/cqsilva/.gradle/caches/modules-2/files-2.1/org.slf4j/log4j-over-slf4j/1.7.16/c5922f37c8a5e4377cfb543c549f10e73d72ede0/log4j-over-slf4j-1.7.16.jar, file:/C:/Users/cqsilva/.m2/repository/javax/validation/validation-api/1.1.0.Final/validation-api-1.1.0.Final.jar, file:/C:/Users/cqsilva/.gradle/caches/modules-2/files-2.1/com.fasterxml/classmate/1.1.0/dbbd699a1486ad0f2ed6f5af6cfed66acacb9056/classmate-1.1.0.jar, file:/C:/Users/cqsilva/.gradle/caches/modules-2/files-2.1/org.apache.tomcat/tomcat-juli/8.0.32/71471069cea029dfdce0735337864c7d0a3d9992/tomcat-juli-8.0.32.jar, file:/C:/Users/cqsilva/.gradle/caches/modules-2/files-2.1/antlr/antlr/2.7.7/83cd2cd674a217ade95a4bb83a8a14f351f48bd0/antlr-2.7.7.jar, file:/C:/Users/cqsilva/.gradle/caches/modules-2/files-2.1/org.jboss/jandex/1.1.0.Final/e84a2122e76f0b6503be78094ddf2108057ac15f/jandex-1.1.0.Final.jar, file:/C:/Users/cqsilva/.gradle/caches/modules-2/files-2.1/org.bouncycastle/bctsp-jdk14/1.38/4821122f8390d15f4b5ee652621e2a2bb1f1bf16/bctsp-jdk14-1.38.jar, file:/C:/Users/cqsilva/.m2/repository/stax/stax-api/1.0.1/stax-api-1.0.1.jar, file:/C:/Users/cqsilva/.gradle/caches/modules-2/files-2.1/jakarta-regexp/jakarta-regexp/1.4/ea514a179ac1dd7e81c7e6594468b9b9910d298/jakarta-regexp-1.4.jar, file:/C:/Users/cqsilva/.gradle/caches/modules-2/files-2.1/ch.qos.logback/logback-core/1.1.5/16722afde74444716e299bee1f60aec9f6d1f0dc/logback-core-1.1.5.jar, file:/C:/Users/cqsilva/.gradle/caches/modules-2/files-2.1/org.bouncycastle/bcprov-jdk14/1.38/de366c3243a586eb3c0e2bcde1ed9bb1bfb985ff/bcprov-jdk14-1.38.jar, file:/C:/Users/cqsilva/.gradle/caches/modules-2/files-2.1/org.bouncycastle/bcmail-jdk14/1.38/14ff2dfec8578f5f6838c4d6a77a86789afe5382/bcmail-jdk14-1.38.jar, file:/C:/Users/cqsilva/.gradle/caches/modules-2/files-2.1/commons-logging/commons-logging/1.2/4bfc12adfe4842bf07b657f0369c4cb522955686/commons-logging-1.2.jar]
2016-05-09 16:12:12.893 ERROR 8148 --- [    Test worker] o.s.test.context.TestContextManager      : Caught exception while allowing TestExecutionListener [org.springframework.test.context.support.DependencyInjectionTestExecutionListener@7c7e2ba] to prepare test instance [com.example.application.controller.InventoryControllerTest@1b876963]

java.lang.IllegalStateException: Failed to load ApplicationContext
	at org.springframework.test.context.cache.DefaultCacheAwareContextLoaderDelegate.loadContext(DefaultCacheAwareContextLoaderDelegate.java:124)
	at org.springframework.test.context.support.DefaultTestContext.getApplicationContext(DefaultTestContext.java:83)
	at org.springframework.test.context.support.DependencyInjectionTestExecutionListener.injectDependencies(DependencyInjectionTestExecutionListener.java:117)
	at org.springframework.test.context.support.DependencyInjectionTestExecutionListener.prepareTestInstance(DependencyInjectionTestExecutionListener.java:83)
	at org.springframework.test.context.TestContextManager.prepareTestInstance(TestContextManager.java:228)
	at org.springframework.test.context.junit4.SpringJUnit4ClassRunner.createTest(SpringJUnit4ClassRunner.java:230)
	at org.springframework.test.context.junit4.SpringJUnit4ClassRunner$1.runReflectiveCall(SpringJUnit4ClassRunner.java:289)
	at org.junit.internal.runners.model.ReflectiveCallable.run(ReflectiveCallable.java:12)
	at org.springframework.test.context.junit4.SpringJUnit4ClassRunner.methodBlock(SpringJUnit4ClassRunner.java:291)
	at org.springframework.test.context.junit4.SpringJUnit4ClassRunner.runChild(SpringJUnit4ClassRunner.java:249)
	at org.springframework.test.context.junit4.SpringJUnit4ClassRunner.runChild(SpringJUnit4ClassRunner.java:89)
	at org.junit.runners.ParentRunner$3.run(ParentRunner.java:290)
	at org.junit.runners.ParentRunner$1.schedule(ParentRunner.java:71)
	at org.junit.runners.ParentRunner.runChildren(ParentRunner.java:288)
	at org.junit.runners.ParentRunner.access$000(ParentRunner.java:58)
	at org.junit.runners.ParentRunner$2.evaluate(ParentRunner.java:268)
	at org.springframework.test.context.junit4.statements.RunBeforeTestClassCallbacks.evaluate(RunBeforeTestClassCallbacks.java:61)
	at org.springframework.test.context.junit4.statements.RunAfterTestClassCallbacks.evaluate(RunAfterTestClassCallbacks.java:70)
	at org.junit.runners.ParentRunner.run(ParentRunner.java:363)
	at org.springframework.test.context.junit4.SpringJUnit4ClassRunner.run(SpringJUnit4ClassRunner.java:193)
	at org.gradle.api.internal.tasks.testing.junit.JUnitTestClassExecuter.runTestClass(JUnitTestClassExecuter.java:105)
	at org.gradle.api.internal.tasks.testing.junit.JUnitTestClassExecuter.execute(JUnitTestClassExecuter.java:56)
	at org.gradle.api.internal.tasks.testing.junit.JUnitTestClassProcessor.processTestClass(JUnitTestClassProcessor.java:64)
	at org.gradle.api.internal.tasks.testing.SuiteTestClassProcessor.processTestClass(SuiteTestClassProcessor.java:50)
	at sun.reflect.NativeMethodAccessorImpl.invoke0(Native Method)
	at sun.reflect.NativeMethodAccessorImpl.invoke(NativeMethodAccessorImpl.java:62)
	at sun.reflect.DelegatingMethodAccessorImpl.invoke(DelegatingMethodAccessorImpl.java:43)
	at java.lang.reflect.Method.invoke(Method.java:498)
	at org.gradle.messaging.dispatch.ReflectionDispatch.dispatch(ReflectionDispatch.java:35)
	at org.gradle.messaging.dispatch.ReflectionDispatch.dispatch(ReflectionDispatch.java:24)
	at org.gradle.messaging.dispatch.ContextClassLoaderDispatch.dispatch(ContextClassLoaderDispatch.java:32)
	at org.gradle.messaging.dispatch.ProxyDispatchAdapter$DispatchingInvocationHandler.invoke(ProxyDispatchAdapter.java:93)
	at com.sun.proxy.$Proxy2.processTestClass(Unknown Source)
	at org.gradle.api.internal.tasks.testing.worker.TestWorker.processTestClass(TestWorker.java:106)
	at sun.reflect.NativeMethodAccessorImpl.invoke0(Native Method)
	at sun.reflect.NativeMethodAccessorImpl.invoke(NativeMethodAccessorImpl.java:62)
	at sun.reflect.DelegatingMethodAccessorImpl.invoke(DelegatingMethodAccessorImpl.java:43)
	at java.lang.reflect.Method.invoke(Method.java:498)
	at org.gradle.messaging.dispatch.ReflectionDispatch.dispatch(ReflectionDispatch.java:35)
	at org.gradle.messaging.dispatch.ReflectionDispatch.dispatch(ReflectionDispatch.java:24)
	at org.gradle.messaging.remote.internal.hub.MessageHub$Handler.run(MessageHub.java:360)
	at org.gradle.internal.concurrent.ExecutorPolicy$CatchAndRecordFailures.onExecute(ExecutorPolicy.java:54)
	at org.gradle.internal.concurrent.StoppableExecutorImpl$1.run(StoppableExecutorImpl.java:40)
	at java.util.concurrent.ThreadPoolExecutor.runWorker(ThreadPoolExecutor.java:1142)
	at java.util.concurrent.ThreadPoolExecutor$Worker.run(ThreadPoolExecutor.java:617)
	at java.lang.Thread.run(Thread.java:745)
Caused by: org.springframework.beans.factory.BeanCreationException: Error creating bean with name 'requestMappingHandlerMapping' defined in class path resource [org/springframework/boot/autoconfigure/web/WebMvcAutoConfiguration$EnableWebMvcConfiguration.class]: Invocation of init method failed; nested exception is java.lang.IllegalStateException: Ambiguous mapping. Cannot map 'userController' method 
public void com.example.application.controller.UserController.save(com.example.domain.entity.User)
to {[/user],methods=[POST]}: There is already 'userController' bean method
public void com.example.application.controller.UserController.delete(com.example.domain.entity.User) mapped.
	at org.springframework.beans.factory.support.AbstractAutowireCapableBeanFactory.initializeBean(AbstractAutowireCapableBeanFactory.java:1578)
	at org.springframework.beans.factory.support.AbstractAutowireCapableBeanFactory.doCreateBean(AbstractAutowireCapableBeanFactory.java:545)
	at org.springframework.beans.factory.support.AbstractAutowireCapableBeanFactory.createBean(AbstractAutowireCapableBeanFactory.java:482)
	at org.springframework.beans.factory.support.AbstractBeanFactory$1.getObject(AbstractBeanFactory.java:306)
	at org.springframework.beans.factory.support.DefaultSingletonBeanRegistry.getSingleton(DefaultSingletonBeanRegistry.java:230)
	at org.springframework.beans.factory.support.AbstractBeanFactory.doGetBean(AbstractBeanFactory.java:302)
	at org.springframework.beans.factory.support.AbstractBeanFactory.getBean(AbstractBeanFactory.java:197)
	at org.springframework.beans.factory.support.DefaultListableBeanFactory.preInstantiateSingletons(DefaultListableBeanFactory.java:772)
	at org.springframework.context.support.AbstractApplicationContext.finishBeanFactoryInitialization(AbstractApplicationContext.java:839)
	at org.springframework.context.support.AbstractApplicationContext.refresh(AbstractApplicationContext.java:538)
	at org.springframework.boot.context.embedded.EmbeddedWebApplicationContext.refresh(EmbeddedWebApplicationContext.java:118)
	at org.springframework.boot.SpringApplication.refresh(SpringApplication.java:766)
	at org.springframework.boot.SpringApplication.createAndRefreshContext(SpringApplication.java:361)
	at org.springframework.boot.SpringApplication.run(SpringApplication.java:307)
	at org.springframework.boot.test.SpringApplicationContextLoader.loadContext(SpringApplicationContextLoader.java:98)
	at org.springframework.test.context.cache.DefaultCacheAwareContextLoaderDelegate.loadContextInternal(DefaultCacheAwareContextLoaderDelegate.java:98)
	at org.springframework.test.context.cache.DefaultCacheAwareContextLoaderDelegate.loadContext(DefaultCacheAwareContextLoaderDelegate.java:116)
	... 45 common frames omitted
Caused by: java.lang.IllegalStateException: Ambiguous mapping. Cannot map 'userController' method 
public void com.example.application.controller.UserController.save(com.example.domain.entity.User)
to {[/user],methods=[POST]}: There is already 'userController' bean method
public void com.example.application.controller.UserController.delete(com.example.domain.entity.User) mapped.
	at org.springframework.web.servlet.handler.AbstractHandlerMethodMapping$MappingRegistry.assertUniqueMethodMapping(AbstractHandlerMethodMapping.java:567)
	at org.springframework.web.servlet.handler.AbstractHandlerMethodMapping$MappingRegistry.register(AbstractHandlerMethodMapping.java:531)
	at org.springframework.web.servlet.handler.AbstractHandlerMethodMapping.registerHandlerMethod(AbstractHandlerMethodMapping.java:255)
	at org.springframework.web.servlet.handler.AbstractHandlerMethodMapping.detectHandlerMethods(AbstractHandlerMethodMapping.java:241)
	at org.springframework.web.servlet.handler.AbstractHandlerMethodMapping.initHandlerMethods(AbstractHandlerMethodMapping.java:213)
	at org.springframework.web.servlet.handler.AbstractHandlerMethodMapping.afterPropertiesSet(AbstractHandlerMethodMapping.java:183)
	at org.springframework.web.servlet.mvc.method.annotation.RequestMappingHandlerMapping.afterPropertiesSet(RequestMappingHandlerMapping.java:125)
	at org.springframework.beans.factory.support.AbstractAutowireCapableBeanFactory.invokeInitMethods(AbstractAutowireCapableBeanFactory.java:1637)
	at org.springframework.beans.factory.support.AbstractAutowireCapableBeanFactory.initializeBean(AbstractAutowireCapableBeanFactory.java:1574)
	... 61 common frames omitted

]]></system-out>
  <system-err><![CDATA[]]></system-err>
</testsuite>
